<?xml version="1.0" encoding="UTF-8"?>
<testsuite xmlns:xsi="http://www.w3.org/2001/XMLSchema-instance" xsi:noNamespaceSchemaLocation="https://maven.apache.org/surefire/maven-surefire-plugin/xsd/surefire-test-report-3.0.xsd" version="3.0" name="com.duoc.tiendaprodmascotas.TiendaprodmascotasApplicationTests" time="1.94" tests="1" errors="0" skipped="0" failures="0">
  <properties>
[...]
</properties>
  <testcase name="contextLoads" classname="com.duoc.tiendaprodmascotas.TiendaprodmascotasApplicationTests" time="0.006">
    <system-out><![CDATA[2026-05-01T21:07:31.496-04:00 DEBUG 32508 --- [tiendaprodmascotas] [           main] .b.t.c.SpringBootTestContextBootstrapper : Neither @ContextConfiguration nor @ContextHierarchy found for test class [TiendaprodmascotasApplicationTests]: using SpringBootContextLoader
2026-05-01T21:07:31.497-04:00 DEBUG 32508 --- [tiendaprodmascotas] [           main] o.s.t.c.support.AbstractContextLoader    : Could not detect default resource locations for test class [com.duoc.tiendaprodmascotas.TiendaprodmascotasApplicationTests]: no resource found for suffixes {-context.xml, Context.groovy}.
2026-05-01T21:07:31.497-04:00  INFO 32508 --- [tiendaprodmascotas] [           main] t.c.s.AnnotationConfigContextLoaderUtils : Could not detect default configuration classes for test class [com.duoc.tiendaprodmascotas.TiendaprodmascotasApplicationTests]: TiendaprodmascotasApplicationTests does not declare any static, non-private, non-final, nested classes annotated with @Configuration.
2026-05-01T21:07:31.497-04:00 DEBUG 32508 --- [tiendaprodmascotas] [           main] .b.t.c.SpringBootTestContextBootstrapper : Using ContextCustomizerFactory implementations for test class [TiendaprodmascotasApplicationTests]: [ImportsContextCustomizerFactory, ExcludeFilterContextCustomizerFactory, HttpGraphQlTesterContextCustomizerFactory, DuplicateJsonObjectContextCustomizerFactory, MockitoContextCustomizerFactory, TestRestTemplateContextCustomizerFactory, WebTestClientContextCustomizerFactory, DisableReactorResourceFactoryGlobalResourcesContextCustomizerFactory, OnFailureConditionReportContextCustomizerFactory, OverrideAutoConfigurationContextCustomizerFactory, ObservabilityContextCustomizerFactory, TypeExcludeFiltersContextCustomizerFactory, PropertyMappingContextCustomizerFactory, WebDriverContextCustomizerFactory, MockServerContainerContextCustomizerFactory, DynamicPropertiesContextCustomizerFactory]
2026-05-01T21:07:31.499-04:00 DEBUG 32508 --- [tiendaprodmascotas] [           main] .b.t.c.SpringBootTestContextBootstrapper : Using ContextCustomizers for test class [TiendaprodmascotasApplicationTests]: [ExcludeFilterContextCustomizer, DuplicateJsonObjectContextCustomizer, MockitoContextCustomizer, TestRestTemplateContextCustomizer, DisableReactorResourceFactoryGlobalResourcesContextCustomizerCustomizer, OnFailureConditionReportContextCustomizer, DisableObservabilityContextCustomizer, PropertyMappingContextCustomizer, WebDriverContextCustomizer]
2026-05-01T21:07:31.502-04:00 DEBUG 32508 --- [tiendaprodmascotas] [           main] ssPathScanningCandidateComponentProvider : Identified candidate component class: file [D:\Duoc\clases amorcito\fullstack\tiendaprodmascotas\target\classes\com\duoc\tiendaprodmascotas\TiendaprodmascotasApplication.class]
2026-05-01T21:07:31.502-04:00  INFO 32508 --- [tiendaprodmascotas] [           main] .b.t.c.SpringBootTestContextBootstrapper : Found @SpringBootConfiguration com.duoc.tiendaprodmascotas.TiendaprodmascotasApplication for test class com.duoc.tiendaprodmascotas.TiendaprodmascotasApplicationTests
2026-05-01T21:07:31.506-04:00 DEBUG 32508 --- [tiendaprodmascotas] [           main] .s.t.c.u.TestContextSpringFactoriesUtils : Skipping candidate TestExecutionListener [org.springframework.test.context.observation.MicrometerObservationRegistryTestExecutionListener] due to a missing dependency. Specify custom TestExecutionListener classes or make the default TestExecutionListener classes and their required dependencies available. Offending class: io.micrometer.context.ThreadLocalAccessor. MicrometerObservationRegistryTestExecutionListener requires io.micrometer:micrometer-observation:1.10.8 or higher and io.micrometer:context-propagation:1.0.3 or higher.
2026-05-01T21:07:31.508-04:00 DEBUG 32508 --- [tiendaprodmascotas] [           main] .b.t.c.SpringBootTestContextBootstrapper : Using TestExecutionListeners for test class [TiendaprodmascotasApplicationTests]: [ServletTestExecutionListener, DirtiesContextBeforeModesTestExecutionListener, ApplicationEventsTestExecutionListener, MockitoTestExecutionListener, DependencyInjectionTestExecutionListener, DirtiesContextTestExecutionListener, TransactionalTestExecutionListener, SqlScriptsTestExecutionListener, EventPublishingTestExecutionListener, ResetMocksTestExecutionListener, RestDocsTestExecutionListener, MockRestServiceServerResetTestExecutionListener, MockMvcPrintOnlyOnFailureTestExecutionListener, WebDriverTestExecutionListener, MockWebServiceServerTestExecutionListener]
2026-05-01T21:07:31.508-04:00 DEBUG 32508 --- [tiendaprodmascotas] [           main] sContextBeforeModesTestExecutionListener : Before test class: class [TiendaprodmascotasApplicationTests], class annotated with @DirtiesContext [false] with mode [null]
2026-05-01T21:07:31.509-04:00  INFO 32508 --- [tiendaprodmascotas] [           main] o.s.b.d.r.RestartApplicationListener     : Restart disabled due to context in which it is running
2026-05-01T21:07:31.519-04:00 DEBUG 32508 --- [tiendaprodmascotas] [           main] .s.b.w.s.c.ApplicationServletEnvironment : Activating profiles []
2026-05-01T21:07:31.522-04:00 DEBUG 32508 --- [tiendaprodmascotas] [           main] o.s.c.e.PropertySourcesPropertyResolver  : Found key 'spring.application.name' in PropertySource 'configurationProperties' with value of type String

  .   ____          _            __ _ _
 /\\ / ___'_ __ _ _(_)_ __  __ _ \ \ \ \
( ( )\___ | '_ | '_| | '_ \/ _` | \ \ \ \
 \\/  ___)| |_)| | | | | || (_| |  ) ) ) )
  '  |____| .__|_| |_|_| |_\__, | / / / /
 =========|_|==============|___/=/_/_/_/

 :: Spring Boot ::                (v3.3.6)

2026-05-01T21:07:31.524-04:00  INFO 32508 --- [tiendaprodmascotas] [           main] c.d.t.TiendaprodmascotasApplicationTests : Starting TiendaprodmascotasApplicationTests using Java 21.0.10 with PID 32508 (started by matia in D:\Duoc\clases amorcito\fullstack\tiendaprodmascotas)
2026-05-01T21:07:31.524-04:00  INFO 32508 --- [tiendaprodmascotas] [           main] c.d.t.TiendaprodmascotasApplicationTests : No active profile set, falling back to 1 default profile: "default"
2026-05-01T21:07:31.524-04:00 DEBUG 32508 --- [tiendaprodmascotas] [           main] o.s.boot.SpringApplication               : Loading source class com.duoc.tiendaprodmascotas.TiendaprodmascotasApplication
2026-05-01T21:07:31.526-04:00 DEBUG 32508 --- [tiendaprodmascotas] [           main] o.s.w.c.s.GenericWebApplicationContext   : Refreshing org.springframework.web.context.support.GenericWebApplicationContext@48c5a07d
2026-05-01T21:07:31.526-04:00 DEBUG 32508 --- [tiendaprodmascotas] [           main] o.s.b.f.s.DefaultListableBeanFactory     : Creating shared instance of singleton bean 'org.springframework.context.annotation.internalConfigurationAnnotationProcessor'
2026-05-01T21:07:31.526-04:00 DEBUG 32508 --- [tiendaprodmascotas] [           main] o.s.b.f.s.DefaultListableBeanFactory     : Creating shared instance of singleton bean 'org.springframework.boot.autoconfigure.internalCachingMetadataReaderFactory'
2026-05-01T21:07:31.532-04:00 DEBUG 32508 --- [tiendaprodmascotas] [           main] o.s.c.a.ClassPathBeanDefinitionScanner   : Identified candidate component class: file [D:\Duoc\clases amorcito\fullstack\tiendaprodmascotas\target\classes\com\duoc\tiendaprodmascotas\Controller\TiendaProdMascotasController.class]
2026-05-01T21:07:31.532-04:00 DEBUG 32508 --- [tiendaprodmascotas] [           main] o.s.c.a.ClassPathBeanDefinitionScanner   : Identified candidate component class: file [D:\Duoc\clases amorcito\fullstack\tiendaprodmascotas\target\classes\com\duoc\tiendaprodmascotas\Exception\GlobalExceptionHandler.class]
2026-05-01T21:07:31.536-04:00 DEBUG 32508 --- [tiendaprodmascotas] [           main] o.s.c.a.ClassPathBeanDefinitionScanner   : Ignored because not a concrete top-level class: file [D:\Duoc\clases amorcito\fullstack\tiendaprodmascotas\target\classes\com\duoc\tiendaprodmascotas\Repository\ProductosRepository.class]
2026-05-01T21:07:31.536-04:00 DEBUG 32508 --- [tiendaprodmascotas] [           main] o.s.c.a.ClassPathBeanDefinitionScanner   : Identified candidate component class: file [D:\Duoc\clases amorcito\fullstack\tiendaprodmascotas\target\classes\com\duoc\tiendaprodmascotas\Service\Impl\TiendaProdMascotasServiceImpl.class]
2026-05-01T21:07:31.887-04:00  INFO 32508 --- [tiendaprodmascotas] [           main] .s.d.r.c.RepositoryConfigurationDelegate : Bootstrapping Spring Data JPA repositories in DEFAULT mode.
2026-05-01T21:07:31.887-04:00 DEBUG 32508 --- [tiendaprodmascotas] [           main] o.s.b.f.s.DefaultListableBeanFactory     : Creating shared instance of singleton bean 'org.springframework.boot.autoconfigure.AutoConfigurationPackages'
2026-05-01T21:07:31.887-04:00 DEBUG 32508 --- [tiendaprodmascotas] [           main] o.s.b.a.AutoConfigurationPackages        : @EnableAutoConfiguration was declared on a class in the package 'com.duoc.tiendaprodmascotas'. Automatic @Repository and @Entity scanning is enabled.
2026-05-01T21:07:31.889-04:00 DEBUG 32508 --- [tiendaprodmascotas] [           main] .s.d.r.c.RepositoryConfigurationDelegate : Scanning for JPA repositories in packages com.duoc.tiendaprodmascotas.
2026-05-01T21:07:31.891-04:00 DEBUG 32508 --- [tiendaprodmascotas] [           main] o.s.d.r.c.RepositoryComponentProvider    : Identified candidate component class: file [D:\Duoc\clases amorcito\fullstack\tiendaprodmascotas\target\classes\com\duoc\tiendaprodmascotas\Repository\OrdenCompraRepository.class]
2026-05-01T21:07:31.891-04:00 DEBUG 32508 --- [tiendaprodmascotas] [           main] o.s.d.r.c.RepositoryComponentProvider    : Identified candidate component class: file [D:\Duoc\clases amorcito\fullstack\tiendaprodmascotas\target\classes\com\duoc\tiendaprodmascotas\Repository\OrdenProductoRepository.class]
2026-05-01T21:07:31.891-04:00 DEBUG 32508 --- [tiendaprodmascotas] [           main] o.s.d.r.c.RepositoryComponentProvider    : Identified candidate component class: file [D:\Duoc\clases amorcito\fullstack\tiendaprodmascotas\target\classes\com\duoc\tiendaprodmascotas\Repository\ProductosRepository.class]
2026-05-01T21:07:31.895-04:00 DEBUG 32508 --- [tiendaprodmascotas] [           main] ssPathScanningCandidateComponentProvider : Identified candidate component class: file [D:\Duoc\clases amorcito\fullstack\tiendaprodmascotas\target\classes\com\duoc\tiendaprodmascotas\Service\Impl\TiendaProdMascotasServiceImpl.class]
2026-05-01T21:07:31.898-04:00  INFO 32508 --- [tiendaprodmascotas] [           main] .s.d.r.c.RepositoryConfigurationDelegate : Finished Spring Data repository scanning in 9 ms. Found 3 JPA repository interfaces.
2026-05-01T21:07:31.921-04:00 DEBUG 32508 --- [tiendaprodmascotas] [           main] o.s.b.f.s.DefaultListableBeanFactory     : Creating shared instance of singleton bean 'propertySourcesPlaceholderConfigurer'
2026-05-01T21:07:31.926-04:00 DEBUG 32508 --- [tiendaprodmascotas] [           main] o.s.b.f.s.DefaultListableBeanFactory     : Creating shared instance of singleton bean 'org.springframework.boot.test.mock.mockito.MockitoPostProcessor'
2026-05-01T21:07:31.926-04:00 DEBUG 32508 --- [tiendaprodmascotas] [           main] o.s.b.f.s.DefaultListableBeanFactory     : Creating shared instance of singleton bean 'emBeanDefinitionRegistrarPostProcessor'
2026-05-01T21:07:31.926-04:00 DEBUG 32508 --- [tiendaprodmascotas] [           main] o.s.b.f.s.DefaultListableBeanFactory     : Creating shared instance of singleton bean 'org.springframework.boot.sql.init.dependency.DatabaseInitializationDependencyConfigurer$DependsOnDatabaseInitializationPostProcessor'
2026-05-01T21:07:31.954-04:00 DEBUG 32508 --- [tiendaprodmascotas] [           main] o.s.b.f.s.DefaultListableBeanFactory     : Creating shared instance of singleton bean 'org.springframework.context.event.internalEventListenerProcessor'
2026-05-01T21:07:31.954-04:00 DEBUG 32508 --- [tiendaprodmascotas] [           main] o.s.b.f.s.DefaultListableBeanFactory     : Creating shared instance of singleton bean 'preserveErrorControllerTargetClassPostProcessor'
2026-05-01T21:07:31.955-04:00 DEBUG 32508 --- [tiendaprodmascotas] [           main] o.s.b.f.s.DefaultListableBeanFactory     : Creating shared instance of singleton bean 'org.springframework.context.event.internalEventListenerFactory'
2026-05-01T21:07:31.955-04:00 DEBUG 32508 --- [tiendaprodmascotas] [           main] o.s.b.f.s.DefaultListableBeanFactory     : Creating shared instance of singleton bean 'org.springframework.transaction.config.internalTransactionalEventListenerFactory'
2026-05-01T21:07:31.956-04:00 DEBUG 32508 --- [tiendaprodmascotas] [           main] o.s.b.f.s.DefaultListableBeanFactory     : Creating shared instance of singleton bean 'org.springframework.boot.test.mock.mockito.MockitoPostProcessor$SpyPostProcessor'
2026-05-01T21:07:31.956-04:00 DEBUG 32508 --- [tiendaprodmascotas] [           main] o.s.b.f.s.DefaultListableBeanFactory     : Creating shared instance of singleton bean 'org.springframework.context.annotation.internalAutowiredAnnotationProcessor'
2026-05-01T21:07:31.957-04:00 DEBUG 32508 --- [tiendaprodmascotas] [           main] o.s.b.f.s.DefaultListableBeanFactory     : Creating shared instance of singleton bean 'org.springframework.context.annotation.internalCommonAnnotationProcessor'
2026-05-01T21:07:31.957-04:00 DEBUG 32508 --- [tiendaprodmascotas] [           main] o.s.b.f.s.DefaultListableBeanFactory     : Creating shared instance of singleton bean 'org.springframework.context.annotation.internalPersistenceAnnotationProcessor'
2026-05-01T21:07:31.957-04:00 DEBUG 32508 --- [tiendaprodmascotas] [           main] o.s.b.f.s.DefaultListableBeanFactory     : Creating shared instance of singleton bean 'org.springframework.boot.context.properties.ConfigurationPropertiesBindingPostProcessor'
2026-05-01T21:07:31.957-04:00 DEBUG 32508 --- [tiendaprodmascotas] [           main] o.s.b.f.s.DefaultListableBeanFactory     : Creating shared instance of singleton bean 'org.springframework.boot.context.internalConfigurationPropertiesBinder'
2026-05-01T21:07:31.958-04:00 DEBUG 32508 --- [tiendaprodmascotas] [           main] o.s.b.f.s.DefaultListableBeanFactory     : Creating shared instance of singleton bean 'jdbcConnectionDetailsHikariBeanPostProcessor'
2026-05-01T21:07:31.958-04:00 DEBUG 32508 --- [tiendaprodmascotas] [           main] o.s.b.f.s.DefaultListableBeanFactory     : Creating shared instance of singleton bean 'org.springframework.aop.config.internalAutoProxyCreator'
2026-05-01T21:07:31.973-04:00 DEBUG 32508 --- [tiendaprodmascotas] [           main] o.s.b.f.s.DefaultListableBeanFactory     : Creating shared instance of singleton bean 'persistenceExceptionTranslationPostProcessor'
2026-05-01T21:07:31.973-04:00 DEBUG 32508 --- [tiendaprodmascotas] [           main] o.s.b.f.s.DefaultListableBeanFactory     : Autowiring by type from bean name 'persistenceExceptionTranslationPostProcessor' via factory method to bean named 'environment'
2026-05-01T21:07:31.979-04:00 DEBUG 32508 --- [tiendaprodmascotas] [           main] o.s.b.f.s.DefaultListableBeanFactory     : Creating shared instance of singleton bean 'webServerFactoryCustomizerBeanPostProcessor'
2026-05-01T21:07:31.979-04:00 DEBUG 32508 --- [tiendaprodmascotas] [           main] o.s.b.f.s.DefaultListableBeanFactory     : Creating shared instance of singleton bean 'errorPageRegistrarBeanPostProcessor'
2026-05-01T21:07:31.979-04:00 DEBUG 32508 --- [tiendaprodmascotas] [           main] o.s.b.f.s.DefaultListableBeanFactory     : Creating shared instance of singleton bean 'healthEndpointGroupsBeanPostProcessor'
2026-05-01T21:07:31.981-04:00 DEBUG 32508 --- [tiendaprodmascotas] [           main] o.s.b.f.s.DefaultListableBeanFactory     : Creating shared instance of singleton bean 'org.springframework.transaction.config.internalTransactionAdvisor'
2026-05-01T21:07:31.981-04:00 DEBUG 32508 --- [tiendaprodmascotas] [           main] o.s.b.f.s.DefaultListableBeanFactory     : Creating shared instance of singleton bean 'org.springframework.transaction.annotation.ProxyTransactionManagementConfiguration'
2026-05-01T21:07:32.013-04:00 DEBUG 32508 --- [tiendaprodmascotas] [           main] .s.a.a.a.ReflectiveAspectJAdvisorFactory : Found AspectJ method: public java.lang.Object io.micrometer.observation.aop.ObservedAspect.observeClass(org.aspectj.lang.ProceedingJoinPoint) throws java.lang.Throwable
2026-05-01T21:07:32.014-04:00 DEBUG 32508 --- [tiendaprodmascotas] [           main] .s.a.a.a.ReflectiveAspectJAdvisorFactory : Found AspectJ method: public java.lang.Object io.micrometer.observation.aop.ObservedAspect.observeMethod(org.aspectj.lang.ProceedingJoinPoint) throws java.lang.Throwable
2026-05-01T21:07:32.139-04:00 DEBUG 32508 --- [tiendaprodmascotas] [           main] o.s.b.f.s.DefaultListableBeanFactory     : Creating shared instance of singleton bean 'transactionAttributeSource'
2026-05-01T21:07:32.142-04:00 DEBUG 32508 --- [tiendaprodmascotas] [           main] o.s.b.f.s.DefaultListableBeanFactory     : Creating shared instance of singleton bean 'transactionInterceptor'
2026-05-01T21:07:32.142-04:00 DEBUG 32508 --- [tiendaprodmascotas] [           main] o.s.b.f.s.DefaultListableBeanFactory     : Autowiring by type from bean name 'transactionInterceptor' via factory method to bean named 'transactionAttributeSource'
2026-05-01T21:07:32.142-04:00 DEBUG 32508 --- [tiendaprodmascotas] [           main] o.s.b.f.s.DefaultListableBeanFactory     : Autowiring by type from bean name 'org.springframework.transaction.config.internalTransactionAdvisor' via factory method to bean named 'transactionAttributeSource'
2026-05-01T21:07:32.142-04:00 DEBUG 32508 --- [tiendaprodmascotas] [           main] o.s.b.f.s.DefaultListableBeanFactory     : Autowiring by type from bean name 'org.springframework.transaction.config.internalTransactionAdvisor' via factory method to bean named 'transactionInterceptor'
2026-05-01T21:07:32.145-04:00 DEBUG 32508 --- [tiendaprodmascotas] [           main] o.s.b.f.s.DefaultListableBeanFactory     : Creating shared instance of singleton bean 'meterRegistryPostProcessor'
2026-05-01T21:07:32.145-04:00 DEBUG 32508 --- [tiendaprodmascotas] [           main] o.s.b.f.s.DefaultListableBeanFactory     : Autowiring by type from bean name 'meterRegistryPostProcessor' via factory method to bean named 'org.springframework.web.context.support.GenericWebApplicationContext@48c5a07d'
2026-05-01T21:07:32.148-04:00 DEBUG 32508 --- [tiendaprodmascotas] [           main] o.s.b.f.s.DefaultListableBeanFactory     : Creating shared instance of singleton bean 'metricsRepositoryMethodInvocationListenerBeanPostProcessor'
2026-05-01T21:07:32.151-04:00 DEBUG 32508 --- [tiendaprodmascotas] [           main] o.s.b.f.s.DefaultListableBeanFactory     : Creating shared instance of singleton bean 'observationRegistryPostProcessor'
2026-05-01T21:07:32.155-04:00 DEBUG 32508 --- [tiendaprodmascotas] [           main] o.s.b.f.s.DefaultListableBeanFactory     : Creating shared instance of singleton bean 'projectingArgumentResolverBeanPostProcessor'
2026-05-01T21:07:32.155-04:00 DEBUG 32508 --- [tiendaprodmascotas] [           main] o.s.b.f.s.DefaultListableBeanFactory     : Creating shared instance of singleton bean 'hypermediaRepresentionModelProcessorConfigurator'
2026-05-01T21:07:32.156-04:00 DEBUG 32508 --- [tiendaprodmascotas] [           main] o.s.b.f.s.DefaultListableBeanFactory     : Creating shared instance of singleton bean 'hypermediaRestTemplateBeanPostProcessor'
2026-05-01T21:07:32.157-04:00 DEBUG 32508 --- [tiendaprodmascotas] [           main] o.s.u.c.s.UiApplicationContextUtils      : Unable to locate ThemeSource with name 'themeSource': using default [org.springframework.ui.context.support.ResourceBundleThemeSource@39a8905b]
2026-05-01T21:07:32.157-04:00 DEBUG 32508 --- [tiendaprodmascotas] [           main] o.s.b.f.s.DefaultListableBeanFactory     : Creating shared instance of singleton bean 'dataSourceScriptDatabaseInitializer'
2026-05-01T21:07:32.157-04:00 DEBUG 32508 --- [tiendaprodmascotas] [           main] o.s.b.f.s.DefaultListableBeanFactory     : Creating shared instance of singleton bean 'org.springframework.boot.autoconfigure.sql.init.DataSourceInitializationConfiguration'
2026-05-01T21:07:32.159-04:00 DEBUG 32508 --- [tiendaprodmascotas] [           main] o.s.b.f.s.DefaultListableBeanFactory     : Creating shared instance of singleton bean 'dataSource'
2026-05-01T21:07:32.159-04:00 DEBUG 32508 --- [tiendaprodmascotas] [           main] o.s.b.f.s.DefaultListableBeanFactory     : Creating shared instance of singleton bean 'org.springframework.boot.autoconfigure.jdbc.DataSourceConfiguration$Hikari'
2026-05-01T21:07:32.160-04:00 DEBUG 32508 --- [tiendaprodmascotas] [           main] o.s.b.f.s.DefaultListableBeanFactory     : Creating shared instance of singleton bean 'spring.datasource-org.springframework.boot.autoconfigure.jdbc.DataSourceProperties'
2026-05-01T21:07:32.160-04:00 DEBUG 32508 --- [tiendaprodmascotas] [           main] o.s.b.f.s.DefaultListableBeanFactory     : Creating shared instance of singleton bean 'org.springframework.boot.context.properties.BoundConfigurationProperties'
2026-05-01T21:07:32.165-04:00 DEBUG 32508 --- [tiendaprodmascotas] [           main] o.s.b.f.s.DefaultListableBeanFactory     : Creating shared instance of singleton bean 'jdbcConnectionDetails'
2026-05-01T21:07:32.165-04:00 DEBUG 32508 --- [tiendaprodmascotas] [           main] o.s.b.f.s.DefaultListableBeanFactory     : Creating shared instance of singleton bean 'org.springframework.boot.autoconfigure.jdbc.DataSourceAutoConfiguration$PooledDataSourceConfiguration'
2026-05-01T21:07:32.166-04:00 DEBUG 32508 --- [tiendaprodmascotas] [           main] o.s.b.f.s.DefaultListableBeanFactory     : Autowiring by type from bean name 'jdbcConnectionDetails' via factory method to bean named 'spring.datasource-org.springframework.boot.autoconfigure.jdbc.DataSourceProperties'
2026-05-01T21:07:32.167-04:00 DEBUG 32508 --- [tiendaprodmascotas] [           main] o.s.b.f.s.DefaultListableBeanFactory     : Autowiring by type from bean name 'dataSource' via factory method to bean named 'spring.datasource-org.springframework.boot.autoconfigure.jdbc.DataSourceProperties'
2026-05-01T21:07:32.167-04:00 DEBUG 32508 --- [tiendaprodmascotas] [           main] o.s.b.f.s.DefaultListableBeanFactory     : Autowiring by type from bean name 'dataSource' via factory method to bean named 'jdbcConnectionDetails'
2026-05-01T21:07:32.176-04:00 DEBUG 32508 --- [tiendaprodmascotas] [           main] o.s.b.f.s.DefaultListableBeanFactory     : Creating shared instance of singleton bean 'spring.sql.init-org.springframework.boot.autoconfigure.sql.init.SqlInitializationProperties'
2026-05-01T21:07:32.178-04:00 DEBUG 32508 --- [tiendaprodmascotas] [           main] o.s.b.f.s.DefaultListableBeanFactory     : Autowiring by type from bean name 'dataSourceScriptDatabaseInitializer' via factory method to bean named 'dataSource'
2026-05-01T21:07:32.178-04:00 DEBUG 32508 --- [tiendaprodmascotas] [           main] o.s.b.f.s.DefaultListableBeanFactory     : Autowiring by type from bean name 'dataSourceScriptDatabaseInitializer' via factory method to bean named 'spring.sql.init-org.springframework.boot.autoconfigure.sql.init.SqlInitializationProperties'
2026-05-01T21:07:32.180-04:00 DEBUG 32508 --- [tiendaprodmascotas] [           main] o.s.b.f.s.DefaultListableBeanFactory     : Creating shared instance of singleton bean 'entityManagerFactory'
2026-05-01T21:07:32.180-04:00 DEBUG 32508 --- [tiendaprodmascotas] [           main] o.s.b.f.s.DefaultListableBeanFactory     : Creating shared instance of singleton bean 'org.springframework.boot.autoconfigure.orm.jpa.HibernateJpaConfiguration'
2026-05-01T21:07:32.181-04:00 DEBUG 32508 --- [tiendaprodmascotas] [           main] o.s.b.f.s.DefaultListableBeanFactory     : Creating shared instance of singleton bean 'spring.jpa-org.springframework.boot.autoconfigure.orm.jpa.JpaProperties'
2026-05-01T21:07:32.182-04:00 DEBUG 32508 --- [tiendaprodmascotas] [           main] o.s.b.f.s.DefaultListableBeanFactory     : Creating shared instance of singleton bean 'spring.jpa.hibernate-org.springframework.boot.autoconfigure.orm.jpa.HibernateProperties'
2026-05-01T21:07:32.183-04:00 DEBUG 32508 --- [tiendaprodmascotas] [           main] o.s.b.f.s.DefaultListableBeanFactory     : Autowiring by type from bean name 'org.springframework.boot.autoconfigure.orm.jpa.HibernateJpaConfiguration' via constructor to bean named 'dataSource'
2026-05-01T21:07:32.183-04:00 DEBUG 32508 --- [tiendaprodmascotas] [           main] o.s.b.f.s.DefaultListableBeanFactory     : Autowiring by type from bean name 'org.springframework.boot.autoconfigure.orm.jpa.HibernateJpaConfiguration' via constructor to bean named 'spring.jpa-org.springframework.boot.autoconfigure.orm.jpa.JpaProperties'
2026-05-01T21:07:32.183-04:00 DEBUG 32508 --- [tiendaprodmascotas] [           main] o.s.b.f.s.DefaultListableBeanFactory     : Autowiring by type from bean name 'org.springframework.boot.autoconfigure.orm.jpa.HibernateJpaConfiguration' via constructor to bean named 'org.springframework.beans.factory.support.DefaultListableBeanFactory@5b7e2a88'
2026-05-01T21:07:32.183-04:00 DEBUG 32508 --- [tiendaprodmascotas] [           main] o.s.b.f.s.DefaultListableBeanFactory     : Autowiring by type from bean name 'org.springframework.boot.autoconfigure.orm.jpa.HibernateJpaConfiguration' via constructor to bean named 'spring.jpa.hibernate-org.springframework.boot.autoconfigure.orm.jpa.HibernateProperties'
2026-05-01T21:07:32.185-04:00 DEBUG 32508 --- [tiendaprodmascotas] [           main] o.s.b.f.s.DefaultListableBeanFactory     : Creating shared instance of singleton bean 'oracleUcpPoolDataSourceMetadataProvider'
2026-05-01T21:07:32.185-04:00 DEBUG 32508 --- [tiendaprodmascotas] [           main] o.s.b.f.s.DefaultListableBeanFactory     : Creating shared instance of singleton bean 'org.springframework.boot.autoconfigure.jdbc.metadata.DataSourcePoolMetadataProvidersConfiguration$OracleUcpPoolDataSourceMetadataProviderConfiguration'
2026-05-01T21:07:32.188-04:00 DEBUG 32508 --- [tiendaprodmascotas] [           main] o.s.b.f.s.DefaultListableBeanFactory     : Creating shared instance of singleton bean 'hikariPoolDataSourceMetadataProvider'
2026-05-01T21:07:32.188-04:00 DEBUG 32508 --- [tiendaprodmascotas] [           main] o.s.b.f.s.DefaultListableBeanFactory     : Creating shared instance of singleton bean 'org.springframework.boot.autoconfigure.jdbc.metadata.DataSourcePoolMetadataProvidersConfiguration$HikariPoolDataSourceMetadataProviderConfiguration'
2026-05-01T21:07:32.192-04:00 DEBUG 32508 --- [tiendaprodmascotas] [           main] o.s.b.f.s.DefaultListableBeanFactory     : Creating shared instance of singleton bean 'entityManagerFactoryBuilder'
2026-05-01T21:07:32.192-04:00 DEBUG 32508 --- [tiendaprodmascotas] [           main] o.s.b.f.s.DefaultListableBeanFactory     : Creating shared instance of singleton bean 'jpaVendorAdapter'
2026-05-01T21:07:32.193-04:00 DEBUG 32508 --- [tiendaprodmascotas] [           main] o.s.b.f.s.DefaultListableBeanFactory     : Autowiring by type from bean name 'entityManagerFactoryBuilder' via factory method to bean named 'jpaVendorAdapter'
2026-05-01T21:07:32.195-04:00 DEBUG 32508 --- [tiendaprodmascotas] [           main] o.s.b.f.s.DefaultListableBeanFactory     : Creating shared instance of singleton bean 'persistenceManagedTypes'
2026-05-01T21:07:32.195-04:00 DEBUG 32508 --- [tiendaprodmascotas] [           main] o.s.b.f.s.DefaultListableBeanFactory     : Autowiring by type from bean name 'persistenceManagedTypes' via factory method to bean named 'org.springframework.beans.factory.support.DefaultListableBeanFactory@5b7e2a88'
2026-05-01T21:07:32.195-04:00 DEBUG 32508 --- [tiendaprodmascotas] [           main] o.s.b.f.s.DefaultListableBeanFactory     : Autowiring by type from bean name 'persistenceManagedTypes' via factory method to bean named 'org.springframework.web.context.support.GenericWebApplicationContext@48c5a07d'
2026-05-01T21:07:32.199-04:00 DEBUG 32508 --- [tiendaprodmascotas] [           main] o.s.b.f.s.DefaultListableBeanFactory     : Autowiring by type from bean name 'entityManagerFactory' via factory method to bean named 'entityManagerFactoryBuilder'
2026-05-01T21:07:32.199-04:00 DEBUG 32508 --- [tiendaprodmascotas] [           main] o.s.b.f.s.DefaultListableBeanFactory     : Autowiring by type from bean name 'entityManagerFactory' via factory method to bean named 'persistenceManagedTypes'
2026-05-01T21:07:32.200-04:00 DEBUG 32508 --- [tiendaprodmascotas] [           main] j.LocalContainerEntityManagerFactoryBean : Building JPA container EntityManagerFactory for persistence unit 'default'
2026-05-01T21:07:32.200-04:00  INFO 32508 --- [tiendaprodmascotas] [           main] o.hibernate.jpa.internal.util.LogHelper  : HHH000204: Processing PersistenceUnitInfo [name: default]
2026-05-01T21:07:32.202-04:00  INFO 32508 --- [tiendaprodmascotas] [           main] o.h.c.internal.RegionFactoryInitiator    : HHH000026: Second-level cache disabled
2026-05-01T21:07:32.208-04:00  INFO 32508 --- [tiendaprodmascotas] [           main] o.s.o.j.p.SpringPersistenceUnitInfo      : No LoadTimeWeaver setup: ignoring JPA class transformer
2026-05-01T21:07:32.208-04:00  INFO 32508 --- [tiendaprodmascotas] [           main] com.zaxxer.hikari.HikariDataSource       : HikariPool-2 - Starting...
2026-05-01T21:07:32.208-04:00  WARN 32508 --- [tiendaprodmascotas] [           main] c.zaxxer.hikari.util.DriverDataSource    : Registered driver with driverClassName=oracle.jdbc.driver.OracleDriver was not found, trying direct instantiation.
2026-05-01T21:07:32.269-04:00  INFO 32508 --- [tiendaprodmascotas] [           main] com.zaxxer.hikari.pool.HikariPool        : HikariPool-2 - Added connection oracle.jdbc.driver.T4CConnection@2fc72df3
2026-05-01T21:07:32.269-04:00  INFO 32508 --- [tiendaprodmascotas] [           main] com.zaxxer.hikari.HikariDataSource       : HikariPool-2 - Start completed.
2026-05-01T21:07:32.315-04:00  INFO 32508 --- [tiendaprodmascotas] [           main] o.h.e.t.j.p.i.JtaPlatformInitiator       : HHH000489: No JTA platform available (set 'hibernate.transaction.jta.platform' to enable JTA platform integration)
2026-05-01T21:07:32.315-04:00  INFO 32508 --- [tiendaprodmascotas] [           main] j.LocalContainerEntityManagerFactoryBean : Initialized JPA EntityManagerFactory for persistence unit 'default'
2026-05-01T21:07:32.317-04:00 DEBUG 32508 --- [tiendaprodmascotas] [           main] o.s.b.f.s.DefaultListableBeanFactory     : Creating shared instance of singleton bean 'tiendaprodmascotasApplication'
2026-05-01T21:07:32.320-04:00 DEBUG 32508 --- [tiendaprodmascotas] [           main] o.s.b.f.s.DefaultListableBeanFactory     : Creating shared instance of singleton bean 'tiendaProdMascotasController'
2026-05-01T21:07:32.321-04:00 DEBUG 32508 --- [tiendaprodmascotas] [           main] o.s.b.f.s.DefaultListableBeanFactory     : Creating shared instance of singleton bean 'tiendaProdMascotasServiceImpl'
2026-05-01T21:07:32.321-04:00 DEBUG 32508 --- [tiendaprodmascotas] [           main] o.s.b.f.s.DefaultListableBeanFactory     : Creating shared instance of singleton bean 'productosRepository'
2026-05-01T21:07:32.323-04:00 DEBUG 32508 --- [tiendaprodmascotas] [           main] o.s.b.f.s.DefaultListableBeanFactory     : Creating shared instance of singleton bean 'jpa.named-queries#2'
2026-05-01T21:07:32.328-04:00 DEBUG 32508 --- [tiendaprodmascotas] [           main] o.s.b.f.s.DefaultListableBeanFactory     : Creating shared instance of singleton bean 'jpa.ProductosRepository.fragments#0'
2026-05-01T21:07:32.331-04:00 DEBUG 32508 --- [tiendaprodmascotas] [           main] o.s.b.f.s.DefaultListableBeanFactory     : Creating shared instance of singleton bean 'jpaSharedEM_entityManagerFactory'
2026-05-01T21:07:32.348-04:00 DEBUG 32508 --- [tiendaprodmascotas] [           main] o.s.b.f.s.DefaultListableBeanFactory     : Creating shared instance of singleton bean 'jpaMappingContext'
2026-05-01T21:07:32.348-04:00 DEBUG 32508 --- [tiendaprodmascotas] [           main] .c.JpaMetamodelMappingContextFactoryBean : Initializing JpaMetamodelMappingContext…
2026-05-01T21:07:32.349-04:00 DEBUG 32508 --- [tiendaprodmascotas] [           main] .c.JpaMetamodelMappingContextFactoryBean : Finished initializing JpaMetamodelMappingContext
2026-05-01T21:07:32.365-04:00 DEBUG 32508 --- [tiendaprodmascotas] [           main] tor$SharedEntityManagerInvocationHandler : Creating new EntityManager for shared EntityManager invocation
2026-05-01T21:07:32.366-04:00 DEBUG 32508 --- [tiendaprodmascotas] [           main] o.s.b.f.s.DefaultListableBeanFactory     : Creating shared instance of singleton bean 'metricsRepositoryMethodInvocationListener'
2026-05-01T21:07:32.366-04:00 DEBUG 32508 --- [tiendaprodmascotas] [           main] o.s.b.f.s.DefaultListableBeanFactory     : Creating shared instance of singleton bean 'org.springframework.boot.actuate.autoconfigure.metrics.data.RepositoryMetricsAutoConfiguration'
2026-05-01T21:07:32.366-04:00 DEBUG 32508 --- [tiendaprodmascotas] [           main] o.s.b.f.s.DefaultListableBeanFactory     : Creating shared instance of singleton bean 'management.metrics-org.springframework.boot.actuate.autoconfigure.metrics.MetricsProperties'
2026-05-01T21:07:32.372-04:00 DEBUG 32508 --- [tiendaprodmascotas] [           main] o.s.b.f.s.DefaultListableBeanFactory     : Autowiring by type from bean name 'org.springframework.boot.actuate.autoconfigure.metrics.data.RepositoryMetricsAutoConfiguration' via constructor to bean named 'management.metrics-org.springframework.boot.actuate.autoconfigure.metrics.MetricsProperties'
2026-05-01T21:07:32.374-04:00 DEBUG 32508 --- [tiendaprodmascotas] [           main] o.s.b.f.s.DefaultListableBeanFactory     : Creating shared instance of singleton bean 'repositoryTagsProvider'
2026-05-01T21:07:32.378-04:00 DEBUG 32508 --- [tiendaprodmascotas] [           main] o.s.b.f.s.DefaultListableBeanFactory     : Autowiring by type from bean name 'metricsRepositoryMethodInvocationListener' via factory method to bean named 'repositoryTagsProvider'
2026-05-01T21:07:32.388-04:00 DEBUG 32508 --- [tiendaprodmascotas] [           main] o.s.d.r.c.s.RepositoryFactorySupport     : Initializing repository instance for com.duoc.tiendaprodmascotas.Repository.ProductosRepository…
2026-05-01T21:07:32.389-04:00 DEBUG 32508 --- [tiendaprodmascotas] [           main] tor$SharedEntityManagerInvocationHandler : Creating new EntityManager for shared EntityManager invocation
2026-05-01T21:07:32.391-04:00 DEBUG 32508 --- [tiendaprodmascotas] [           main] o.s.d.r.c.s.RepositoryFactorySupport     : Finished creation of repository instance for com.duoc.tiendaprodmascotas.Repository.ProductosRepository.
2026-05-01T21:07:32.398-04:00 DEBUG 32508 --- [tiendaprodmascotas] [           main] o.s.b.f.s.DefaultListableBeanFactory     : Creating shared instance of singleton bean 'ordenCompraRepository'
2026-05-01T21:07:32.399-04:00 DEBUG 32508 --- [tiendaprodmascotas] [           main] o.s.b.f.s.DefaultListableBeanFactory     : Creating shared instance of singleton bean 'jpa.named-queries#1'
2026-05-01T21:07:32.400-04:00 DEBUG 32508 --- [tiendaprodmascotas] [           main] o.s.b.f.s.DefaultListableBeanFactory     : Creating shared instance of singleton bean 'jpa.OrdenCompraRepository.fragments#0'
2026-05-01T21:07:32.400-04:00 DEBUG 32508 --- [tiendaprodmascotas] [           main] tor$SharedEntityManagerInvocationHandler : Creating new EntityManager for shared EntityManager invocation
2026-05-01T21:07:32.403-04:00 DEBUG 32508 --- [tiendaprodmascotas] [           main] o.s.d.r.c.s.RepositoryFactorySupport     : Initializing repository instance for com.duoc.tiendaprodmascotas.Repository.OrdenCompraRepository…
2026-05-01T21:07:32.404-04:00 DEBUG 32508 --- [tiendaprodmascotas] [           main] tor$SharedEntityManagerInvocationHandler : Creating new EntityManager for shared EntityManager invocation
2026-05-01T21:07:32.404-04:00 DEBUG 32508 --- [tiendaprodmascotas] [           main] o.s.d.r.c.s.RepositoryFactorySupport     : Finished creation of repository instance for com.duoc.tiendaprodmascotas.Repository.OrdenCompraRepository.
2026-05-01T21:07:32.407-04:00 DEBUG 32508 --- [tiendaprodmascotas] [           main] o.s.b.f.s.DefaultListableBeanFactory     : Creating shared instance of singleton bean 'ordenProductoRepository'
2026-05-01T21:07:32.408-04:00 DEBUG 32508 --- [tiendaprodmascotas] [           main] o.s.b.f.s.DefaultListableBeanFactory     : Creating shared instance of singleton bean 'jpa.named-queries#0'
2026-05-01T21:07:32.408-04:00 DEBUG 32508 --- [tiendaprodmascotas] [           main] o.s.b.f.s.DefaultListableBeanFactory     : Creating shared instance of singleton bean 'jpa.OrdenProductoRepository.fragments#0'
2026-05-01T21:07:32.408-04:00 DEBUG 32508 --- [tiendaprodmascotas] [           main] tor$SharedEntityManagerInvocationHandler : Creating new EntityManager for shared EntityManager invocation
2026-05-01T21:07:32.408-04:00 DEBUG 32508 --- [tiendaprodmascotas] [           main] o.s.d.r.c.s.RepositoryFactorySupport     : Initializing repository instance for com.duoc.tiendaprodmascotas.Repository.OrdenProductoRepository…
2026-05-01T21:07:32.408-04:00 DEBUG 32508 --- [tiendaprodmascotas] [           main] tor$SharedEntityManagerInvocationHandler : Creating new EntityManager for shared EntityManager invocation
2026-05-01T21:07:32.410-04:00 DEBUG 32508 --- [tiendaprodmascotas] [           main] o.s.d.jpa.repository.query.NamedQuery    : Looking up named query OrdenProducto.findByOrdenIdOrden
2026-05-01T21:07:32.410-04:00 DEBUG 32508 --- [tiendaprodmascotas] [           main] o.s.d.jpa.repository.query.NamedQuery    : Did not find named query OrdenProducto.findByOrdenIdOrden
2026-05-01T21:07:32.410-04:00 DEBUG 32508 --- [tiendaprodmascotas] [           main] tor$SharedEntityManagerInvocationHandler : Creating new EntityManager for shared EntityManager invocation
2026-05-01T21:07:32.411-04:00 DEBUG 32508 --- [tiendaprodmascotas] [           main] o.s.d.r.c.s.RepositoryFactorySupport     : Finished creation of repository instance for com.duoc.tiendaprodmascotas.Repository.OrdenProductoRepository.
2026-05-01T21:07:32.415-04:00 DEBUG 32508 --- [tiendaprodmascotas] [           main] o.s.b.f.s.DefaultListableBeanFactory     : Autowiring by type from bean name 'tiendaProdMascotasServiceImpl' via constructor to bean named 'productosRepository'
2026-05-01T21:07:32.415-04:00 DEBUG 32508 --- [tiendaprodmascotas] [           main] o.s.b.f.s.DefaultListableBeanFactory     : Autowiring by type from bean name 'tiendaProdMascotasServiceImpl' via constructor to bean named 'ordenCompraRepository'
2026-05-01T21:07:32.415-04:00 DEBUG 32508 --- [tiendaprodmascotas] [           main] o.s.b.f.s.DefaultListableBeanFactory     : Autowiring by type from bean name 'tiendaProdMascotasServiceImpl' via constructor to bean named 'ordenProductoRepository'
2026-05-01T21:07:32.437-04:00 DEBUG 32508 --- [tiendaprodmascotas] [           main] o.s.b.f.s.DefaultListableBeanFactory     : Autowiring by type from bean name 'tiendaProdMascotasController' via constructor to bean named 'tiendaProdMascotasServiceImpl'
2026-05-01T21:07:32.439-04:00 DEBUG 32508 --- [tiendaprodmascotas] [           main] o.s.b.f.s.DefaultListableBeanFactory     : Creating shared instance of singleton bean 'globalExceptionHandler'
2026-05-01T21:07:32.441-04:00 DEBUG 32508 --- [tiendaprodmascotas] [           main] o.s.b.f.s.DefaultListableBeanFactory     : Creating shared instance of singleton bean 'org.springframework.boot.autoconfigure.context.PropertyPlaceholderAutoConfiguration'
2026-05-01T21:07:32.441-04:00 DEBUG 32508 --- [tiendaprodmascotas] [           main] o.s.b.f.s.DefaultListableBeanFactory     : Creating shared instance of singleton bean 'org.springframework.boot.autoconfigure.ssl.SslAutoConfiguration'
2026-05-01T21:07:32.442-04:00 DEBUG 32508 --- [tiendaprodmascotas] [           main] o.s.b.f.s.DefaultListableBeanFactory     : Creating shared instance of singleton bean 'spring.ssl-org.springframework.boot.autoconfigure.ssl.SslProperties'
2026-05-01T21:07:32.445-04:00 DEBUG 32508 --- [tiendaprodmascotas] [           main] o.s.b.f.s.DefaultListableBeanFactory     : Autowiring by type from bean name 'org.springframework.boot.autoconfigure.ssl.SslAutoConfiguration' via constructor to bean named 'org.springframework.web.context.support.GenericWebApplicationContext@48c5a07d'
2026-05-01T21:07:32.445-04:00 DEBUG 32508 --- [tiendaprodmascotas] [           main] o.s.b.f.s.DefaultListableBeanFactory     : Autowiring by type from bean name 'org.springframework.boot.autoconfigure.ssl.SslAutoConfiguration' via constructor to bean named 'spring.ssl-org.springframework.boot.autoconfigure.ssl.SslProperties'
2026-05-01T21:07:32.447-04:00 DEBUG 32508 --- [tiendaprodmascotas] [           main] o.s.b.f.s.DefaultListableBeanFactory     : Creating shared instance of singleton bean 'fileWatcher'
2026-05-01T21:07:32.451-04:00 DEBUG 32508 --- [tiendaprodmascotas] [           main] o.s.b.f.s.DefaultListableBeanFactory     : Creating shared instance of singleton bean 'sslPropertiesSslBundleRegistrar'
2026-05-01T21:07:32.451-04:00 DEBUG 32508 --- [tiendaprodmascotas] [           main] o.s.b.f.s.DefaultListableBeanFactory     : Autowiring by type from bean name 'sslPropertiesSslBundleRegistrar' via factory method to bean named 'fileWatcher'
2026-05-01T21:07:32.457-04:00 DEBUG 32508 --- [tiendaprodmascotas] [           main] o.s.b.f.s.DefaultListableBeanFactory     : Creating shared instance of singleton bean 'sslBundleRegistry'
2026-05-01T21:07:32.465-04:00 DEBUG 32508 --- [tiendaprodmascotas] [           main] o.s.b.f.s.DefaultListableBeanFactory     : Creating shared instance of singleton bean 'org.springframework.boot.context.properties.EnableConfigurationPropertiesRegistrar.methodValidationExcludeFilter'
2026-05-01T21:07:32.468-04:00 DEBUG 32508 --- [tiendaprodmascotas] [           main] o.s.b.f.s.DefaultListableBeanFactory     : Creating shared instance of singleton bean 'org.springframework.boot.autoconfigure.websocket.servlet.WebSocketServletAutoConfiguration$TomcatWebSocketConfiguration'
2026-05-01T21:07:32.468-04:00 DEBUG 32508 --- [tiendaprodmascotas] [           main] o.s.b.f.s.DefaultListableBeanFactory     : Creating shared instance of singleton bean 'websocketServletWebServerCustomizer'
2026-05-01T21:07:32.471-04:00 DEBUG 32508 --- [tiendaprodmascotas] [           main] o.s.b.f.s.DefaultListableBeanFactory     : Creating shared instance of singleton bean 'org.springframework.boot.autoconfigure.websocket.servlet.WebSocketServletAutoConfiguration'
2026-05-01T21:07:32.471-04:00 DEBUG 32508 --- [tiendaprodmascotas] [           main] o.s.b.f.s.DefaultListableBeanFactory     : Creating shared instance of singleton bean 'org.springframework.boot.autoconfigure.web.servlet.ServletWebServerFactoryConfiguration$EmbeddedTomcat'
2026-05-01T21:07:32.472-04:00 DEBUG 32508 --- [tiendaprodmascotas] [           main] o.s.b.f.s.DefaultListableBeanFactory     : Creating shared instance of singleton bean 'tomcatServletWebServerFactory'
2026-05-01T21:07:32.503-04:00 DEBUG 32508 --- [tiendaprodmascotas] [           main] o.s.b.f.s.DefaultListableBeanFactory     : Creating shared instance of singleton bean 'servletWebServerFactoryCustomizer'
2026-05-01T21:07:32.504-04:00 DEBUG 32508 --- [tiendaprodmascotas] [           main] o.s.b.f.s.DefaultListableBeanFactory     : Creating shared instance of singleton bean 'org.springframework.boot.autoconfigure.web.servlet.ServletWebServerFactoryAutoConfiguration'
2026-05-01T21:07:32.505-04:00 DEBUG 32508 --- [tiendaprodmascotas] [           main] o.s.b.f.s.DefaultListableBeanFactory     : Creating shared instance of singleton bean 'server-org.springframework.boot.autoconfigure.web.ServerProperties'
2026-05-01T21:07:32.508-04:00 DEBUG 32508 --- [tiendaprodmascotas] [           main] o.s.b.f.s.DefaultListableBeanFactory     : Autowiring by type from bean name 'servletWebServerFactoryCustomizer' via factory method to bean named 'server-org.springframework.boot.autoconfigure.web.ServerProperties'
2026-05-01T21:07:32.510-04:00 DEBUG 32508 --- [tiendaprodmascotas] [           main] o.s.b.f.s.DefaultListableBeanFactory     : Creating shared instance of singleton bean 'tomcatServletWebServerFactoryCustomizer'
2026-05-01T21:07:32.510-04:00 DEBUG 32508 --- [tiendaprodmascotas] [           main] o.s.b.f.s.DefaultListableBeanFactory     : Autowiring by type from bean name 'tomcatServletWebServerFactoryCustomizer' via factory method to bean named 'server-org.springframework.boot.autoconfigure.web.ServerProperties'
2026-05-01T21:07:32.511-04:00 DEBUG 32508 --- [tiendaprodmascotas] [           main] o.s.b.f.s.DefaultListableBeanFactory     : Creating shared instance of singleton bean 'localeCharsetMappingsCustomizer'
2026-05-01T21:07:32.511-04:00 DEBUG 32508 --- [tiendaprodmascotas] [           main] o.s.b.f.s.DefaultListableBeanFactory     : Creating shared instance of singleton bean 'org.springframework.boot.autoconfigure.web.servlet.HttpEncodingAutoConfiguration'
2026-05-01T21:07:32.511-04:00 DEBUG 32508 --- [tiendaprodmascotas] [           main] o.s.b.f.s.DefaultListableBeanFactory     : Autowiring by type from bean name 'org.springframework.boot.autoconfigure.web.servlet.HttpEncodingAutoConfiguration' via constructor to bean named 'server-org.springframework.boot.autoconfigure.web.ServerProperties'
2026-05-01T21:07:32.533-04:00 DEBUG 32508 --- [tiendaprodmascotas] [           main] o.s.b.f.s.DefaultListableBeanFactory     : Creating shared instance of singleton bean 'errorPageCustomizer'
2026-05-01T21:07:32.533-04:00 DEBUG 32508 --- [tiendaprodmascotas] [           main] o.s.b.f.s.DefaultListableBeanFactory     : Creating shared instance of singleton bean 'org.springframework.boot.autoconfigure.web.servlet.error.ErrorMvcAutoConfiguration'
2026-05-01T21:07:32.533-04:00 DEBUG 32508 --- [tiendaprodmascotas] [           main] o.s.b.f.s.DefaultListableBeanFactory     : Autowiring by type from bean name 'org.springframework.boot.autoconfigure.web.servlet.error.ErrorMvcAutoConfiguration' via constructor to bean named 'server-org.springframework.boot.autoconfigure.web.ServerProperties'
2026-05-01T21:07:32.535-04:00 DEBUG 32508 --- [tiendaprodmascotas] [           main] o.s.b.f.s.DefaultListableBeanFactory     : Creating shared instance of singleton bean 'dispatcherServletRegistration'
2026-05-01T21:07:32.535-04:00 DEBUG 32508 --- [tiendaprodmascotas] [           main] o.s.b.f.s.DefaultListableBeanFactory     : Creating shared instance of singleton bean 'org.springframework.boot.autoconfigure.web.servlet.DispatcherServletAutoConfiguration$DispatcherServletRegistrationConfiguration'
2026-05-01T21:07:32.536-04:00 DEBUG 32508 --- [tiendaprodmascotas] [           main] o.s.b.f.s.DefaultListableBeanFactory     : Creating shared instance of singleton bean 'dispatcherServlet'
2026-05-01T21:07:32.536-04:00 DEBUG 32508 --- [tiendaprodmascotas] [           main] o.s.b.f.s.DefaultListableBeanFactory     : Creating shared instance of singleton bean 'org.springframework.boot.autoconfigure.web.servlet.DispatcherServletAutoConfiguration$DispatcherServletConfiguration'
2026-05-01T21:07:32.536-04:00 DEBUG 32508 --- [tiendaprodmascotas] [           main] o.s.b.f.s.DefaultListableBeanFactory     : Creating shared instance of singleton bean 'spring.mvc-org.springframework.boot.autoconfigure.web.servlet.WebMvcProperties'
2026-05-01T21:07:32.539-04:00 DEBUG 32508 --- [tiendaprodmascotas] [           main] o.s.b.f.s.DefaultListableBeanFactory     : Autowiring by type from bean name 'dispatcherServlet' via factory method to bean named 'spring.mvc-org.springframework.boot.autoconfigure.web.servlet.WebMvcProperties'
2026-05-01T21:07:32.545-04:00 DEBUG 32508 --- [tiendaprodmascotas] [           main] o.s.b.f.s.DefaultListableBeanFactory     : Autowiring by type from bean name 'dispatcherServletRegistration' via factory method to bean named 'dispatcherServlet'
2026-05-01T21:07:32.545-04:00 DEBUG 32508 --- [tiendaprodmascotas] [           main] o.s.b.f.s.DefaultListableBeanFactory     : Autowiring by type from bean name 'dispatcherServletRegistration' via factory method to bean named 'spring.mvc-org.springframework.boot.autoconfigure.web.servlet.WebMvcProperties'
2026-05-01T21:07:32.547-04:00 DEBUG 32508 --- [tiendaprodmascotas] [           main] o.s.b.f.s.DefaultListableBeanFactory     : Creating shared instance of singleton bean 'multipartConfigElement'
2026-05-01T21:07:32.547-04:00 DEBUG 32508 --- [tiendaprodmascotas] [           main] o.s.b.f.s.DefaultListableBeanFactory     : Creating shared instance of singleton bean 'org.springframework.boot.autoconfigure.web.servlet.MultipartAutoConfiguration'
2026-05-01T21:07:32.547-04:00 DEBUG 32508 --- [tiendaprodmascotas] [           main] o.s.b.f.s.DefaultListableBeanFactory     : Creating shared instance of singleton bean 'spring.servlet.multipart-org.springframework.boot.autoconfigure.web.servlet.MultipartProperties'
2026-05-01T21:07:32.551-04:00 DEBUG 32508 --- [tiendaprodmascotas] [           main] o.s.b.f.s.DefaultListableBeanFactory     : Autowiring by type from bean name 'org.springframework.boot.autoconfigure.web.servlet.MultipartAutoConfiguration' via constructor to bean named 'spring.servlet.multipart-org.springframework.boot.autoconfigure.web.servlet.MultipartProperties'
2026-05-01T21:07:32.559-04:00 DEBUG 32508 --- [tiendaprodmascotas] [           main] o.s.b.f.s.DefaultListableBeanFactory     : Autowiring by type from bean name 'errorPageCustomizer' via factory method to bean named 'dispatcherServletRegistration'
2026-05-01T21:07:32.564-04:00 DEBUG 32508 --- [tiendaprodmascotas] [           main] o.s.b.f.s.DefaultListableBeanFactory     : Creating shared instance of singleton bean 'org.springframework.boot.autoconfigure.web.servlet.DispatcherServletAutoConfiguration'
2026-05-01T21:07:32.564-04:00 DEBUG 32508 --- [tiendaprodmascotas] [           main] o.s.b.f.s.DefaultListableBeanFactory     : Creating shared instance of singleton bean 'org.springframework.boot.autoconfigure.task.TaskExecutorConfigurations$ThreadPoolTaskExecutorBuilderConfiguration'
2026-05-01T21:07:32.564-04:00 DEBUG 32508 --- [tiendaprodmascotas] [           main] o.s.b.f.s.DefaultListableBeanFactory     : Creating shared instance of singleton bean 'threadPoolTaskExecutorBuilder'
2026-05-01T21:07:32.564-04:00 DEBUG 32508 --- [tiendaprodmascotas] [           main] o.s.b.f.s.DefaultListableBeanFactory     : Creating shared instance of singleton bean 'spring.task.execution-org.springframework.boot.autoconfigure.task.TaskExecutionProperties'
2026-05-01T21:07:32.566-04:00 DEBUG 32508 --- [tiendaprodmascotas] [           main] o.s.b.f.s.DefaultListableBeanFactory     : Autowiring by type from bean name 'threadPoolTaskExecutorBuilder' via factory method to bean named 'spring.task.execution-org.springframework.boot.autoconfigure.task.TaskExecutionProperties'
2026-05-01T21:07:32.568-04:00 DEBUG 32508 --- [tiendaprodmascotas] [           main] o.s.b.f.s.DefaultListableBeanFactory     : Creating shared instance of singleton bean 'org.springframework.boot.autoconfigure.task.TaskExecutorConfigurations$TaskExecutorBuilderConfiguration'
2026-05-01T21:07:32.568-04:00 DEBUG 32508 --- [tiendaprodmascotas] [           main] o.s.b.f.s.DefaultListableBeanFactory     : Creating shared instance of singleton bean 'taskExecutorBuilder'
2026-05-01T21:07:32.568-04:00 DEBUG 32508 --- [tiendaprodmascotas] [           main] o.s.b.f.s.DefaultListableBeanFactory     : Autowiring by type from bean name 'taskExecutorBuilder' via factory method to bean named 'spring.task.execution-org.springframework.boot.autoconfigure.task.TaskExecutionProperties'
2026-05-01T21:07:32.569-04:00 DEBUG 32508 --- [tiendaprodmascotas] [           main] o.s.b.f.s.DefaultListableBeanFactory     : Creating shared instance of singleton bean 'org.springframework.boot.autoconfigure.task.TaskExecutorConfigurations$SimpleAsyncTaskExecutorBuilderConfiguration'
2026-05-01T21:07:32.569-04:00 DEBUG 32508 --- [tiendaprodmascotas] [           main] o.s.b.f.s.DefaultListableBeanFactory     : Autowiring by type from bean name 'org.springframework.boot.autoconfigure.task.TaskExecutorConfigurations$SimpleAsyncTaskExecutorBuilderConfiguration' via constructor to bean named 'spring.task.execution-org.springframework.boot.autoconfigure.task.TaskExecutionProperties'
2026-05-01T21:07:32.570-04:00 DEBUG 32508 --- [tiendaprodmascotas] [           main] o.s.b.f.s.DefaultListableBeanFactory     : Creating shared instance of singleton bean 'simpleAsyncTaskExecutorBuilder'
2026-05-01T21:07:32.570-04:00 DEBUG 32508 --- [tiendaprodmascotas] [           main] o.s.b.f.s.DefaultListableBeanFactory     : Creating shared instance of singleton bean 'org.springframework.boot.autoconfigure.task.TaskExecutorConfigurations$TaskExecutorConfiguration'
2026-05-01T21:07:32.571-04:00 DEBUG 32508 --- [tiendaprodmascotas] [           main] o.s.b.f.s.DefaultListableBeanFactory     : Creating shared instance of singleton bean 'org.springframework.boot.autoconfigure.task.TaskExecutionAutoConfiguration'
2026-05-01T21:07:32.571-04:00 DEBUG 32508 --- [tiendaprodmascotas] [           main] o.s.b.f.s.DefaultListableBeanFactory     : Creating shared instance of singleton bean 'org.springframework.boot.autoconfigure.web.servlet.error.ErrorMvcAutoConfiguration$WhitelabelErrorViewConfiguration'
2026-05-01T21:07:32.571-04:00 DEBUG 32508 --- [tiendaprodmascotas] [           main] o.s.b.f.s.DefaultListableBeanFactory     : Creating shared instance of singleton bean 'error'
2026-05-01T21:07:32.571-04:00 DEBUG 32508 --- [tiendaprodmascotas] [           main] o.s.b.f.s.DefaultListableBeanFactory     : Creating shared instance of singleton bean 'beanNameViewResolver'
2026-05-01T21:07:32.573-04:00 DEBUG 32508 --- [tiendaprodmascotas] [           main] o.s.b.f.s.DefaultListableBeanFactory     : Creating shared instance of singleton bean 'org.springframework.boot.autoconfigure.web.servlet.error.ErrorMvcAutoConfiguration$DefaultErrorViewResolverConfiguration'
2026-05-01T21:07:32.573-04:00 DEBUG 32508 --- [tiendaprodmascotas] [           main] o.s.b.f.s.DefaultListableBeanFactory     : Creating shared instance of singleton bean 'spring.web-org.springframework.boot.autoconfigure.web.WebProperties'
2026-05-01T21:07:32.574-04:00 DEBUG 32508 --- [tiendaprodmascotas] [           main] o.s.b.f.s.DefaultListableBeanFactory     : Autowiring by type from bean name 'org.springframework.boot.autoconfigure.web.servlet.error.ErrorMvcAutoConfiguration$DefaultErrorViewResolverConfiguration' via constructor to bean named 'org.springframework.web.context.support.GenericWebApplicationContext@48c5a07d'
2026-05-01T21:07:32.574-04:00 DEBUG 32508 --- [tiendaprodmascotas] [           main] o.s.b.f.s.DefaultListableBeanFactory     : Autowiring by type from bean name 'org.springframework.boot.autoconfigure.web.servlet.error.ErrorMvcAutoConfiguration$DefaultErrorViewResolverConfiguration' via constructor to bean named 'spring.web-org.springframework.boot.autoconfigure.web.WebProperties'
2026-05-01T21:07:32.574-04:00 DEBUG 32508 --- [tiendaprodmascotas] [           main] o.s.b.f.s.DefaultListableBeanFactory     : Creating shared instance of singleton bean 'conventionErrorViewResolver'
2026-05-01T21:07:32.577-04:00 DEBUG 32508 --- [tiendaprodmascotas] [           main] o.s.b.f.s.DefaultListableBeanFactory     : Creating shared instance of singleton bean 'errorAttributes'
2026-05-01T21:07:32.577-04:00 DEBUG 32508 --- [tiendaprodmascotas] [           main] o.s.b.f.s.DefaultListableBeanFactory     : Creating shared instance of singleton bean 'basicErrorController'
2026-05-01T21:07:32.578-04:00 DEBUG 32508 --- [tiendaprodmascotas] [           main] o.s.b.f.s.DefaultListableBeanFactory     : Autowiring by type from bean name 'basicErrorController' via factory method to bean named 'errorAttributes'
2026-05-01T21:07:32.580-04:00 DEBUG 32508 --- [tiendaprodmascotas] [           main] o.s.b.f.s.DefaultListableBeanFactory     : Creating shared instance of singleton bean 'org.springframework.boot.autoconfigure.web.servlet.WebMvcAutoConfiguration$EnableWebMvcConfiguration'
2026-05-01T21:07:32.580-04:00 DEBUG 32508 --- [tiendaprodmascotas] [           main] o.s.b.f.s.DefaultListableBeanFactory     : Autowiring by type from bean name 'org.springframework.boot.autoconfigure.web.servlet.WebMvcAutoConfiguration$EnableWebMvcConfiguration' via constructor to bean named 'spring.mvc-org.springframework.boot.autoconfigure.web.servlet.WebMvcProperties'
2026-05-01T21:07:32.580-04:00 DEBUG 32508 --- [tiendaprodmascotas] [           main] o.s.b.f.s.DefaultListableBeanFactory     : Autowiring by type from bean name 'org.springframework.boot.autoconfigure.web.servlet.WebMvcAutoConfiguration$EnableWebMvcConfiguration' via constructor to bean named 'spring.web-org.springframework.boot.autoconfigure.web.WebProperties'
2026-05-01T21:07:32.580-04:00 DEBUG 32508 --- [tiendaprodmascotas] [           main] o.s.b.f.s.DefaultListableBeanFactory     : Autowiring by type from bean name 'org.springframework.boot.autoconfigure.web.servlet.WebMvcAutoConfiguration$EnableWebMvcConfiguration' via constructor to bean named 'org.springframework.beans.factory.support.DefaultListableBeanFactory@5b7e2a88'
2026-05-01T21:07:32.581-04:00 DEBUG 32508 --- [tiendaprodmascotas] [           main] o.s.b.f.s.DefaultListableBeanFactory     : Creating shared instance of singleton bean 'org.springframework.boot.autoconfigure.web.servlet.WebMvcAutoConfiguration$WebMvcAutoConfigurationAdapter'
2026-05-01T21:07:32.581-04:00 DEBUG 32508 --- [tiendaprodmascotas] [           main] o.s.b.f.s.DefaultListableBeanFactory     : Autowiring by type from bean name 'org.springframework.boot.autoconfigure.web.servlet.WebMvcAutoConfiguration$WebMvcAutoConfigurationAdapter' via constructor to bean named 'spring.web-org.springframework.boot.autoconfigure.web.WebProperties'
2026-05-01T21:07:32.581-04:00 DEBUG 32508 --- [tiendaprodmascotas] [           main] o.s.b.f.s.DefaultListableBeanFactory     : Autowiring by type from bean name 'org.springframework.boot.autoconfigure.web.servlet.WebMvcAutoConfiguration$WebMvcAutoConfigurationAdapter' via constructor to bean named 'spring.mvc-org.springframework.boot.autoconfigure.web.servlet.WebMvcProperties'
2026-05-01T21:07:32.581-04:00 DEBUG 32508 --- [tiendaprodmascotas] [           main] o.s.b.f.s.DefaultListableBeanFactory     : Autowiring by type from bean name 'org.springframework.boot.autoconfigure.web.servlet.WebMvcAutoConfiguration$WebMvcAutoConfigurationAdapter' via constructor to bean named 'org.springframework.beans.factory.support.DefaultListableBeanFactory@5b7e2a88'
2026-05-01T21:07:32.583-04:00 DEBUG 32508 --- [tiendaprodmascotas] [           main] o.s.b.f.s.DefaultListableBeanFactory     : Creating shared instance of singleton bean 'openEntityManagerInViewInterceptorConfigurer'
2026-05-01T21:07:32.583-04:00 DEBUG 32508 --- [tiendaprodmascotas] [           main] o.s.b.f.s.DefaultListableBeanFactory     : Creating shared instance of singleton bean 'org.springframework.boot.autoconfigure.orm.jpa.JpaBaseConfiguration$JpaWebConfiguration'
2026-05-01T21:07:32.583-04:00 DEBUG 32508 --- [tiendaprodmascotas] [           main] o.s.b.f.s.DefaultListableBeanFactory     : Autowiring by type from bean name 'org.springframework.boot.autoconfigure.orm.jpa.JpaBaseConfiguration$JpaWebConfiguration' via constructor to bean named 'spring.jpa-org.springframework.boot.autoconfigure.orm.jpa.JpaProperties'
2026-05-01T21:07:32.584-04:00 DEBUG 32508 --- [tiendaprodmascotas] [           main] o.s.b.f.s.DefaultListableBeanFactory     : Creating shared instance of singleton bean 'openEntityManagerInViewInterceptor'
2026-05-01T21:07:32.584-04:00  WARN 32508 --- [tiendaprodmascotas] [           main] JpaBaseConfiguration$JpaWebConfiguration : spring.jpa.open-in-view is enabled by default. Therefore, database queries may be performed during view rendering. Explicitly configure spring.jpa.open-in-view to disable this warning
2026-05-01T21:07:32.587-04:00 DEBUG 32508 --- [tiendaprodmascotas] [           main] o.s.b.f.s.DefaultListableBeanFactory     : Autowiring by type from bean name 'openEntityManagerInViewInterceptorConfigurer' via factory method to bean named 'openEntityManagerInViewInterceptor'
2026-05-01T21:07:32.589-04:00 DEBUG 32508 --- [tiendaprodmascotas] [           main] o.s.b.f.s.DefaultListableBeanFactory     : Creating shared instance of singleton bean 'org.springframework.data.web.config.HateoasAwareSpringDataWebConfiguration'
2026-05-01T21:07:32.589-04:00 DEBUG 32508 --- [tiendaprodmascotas] [           main] o.s.b.f.s.DefaultListableBeanFactory     : Autowiring by type from bean name 'org.springframework.data.web.config.HateoasAwareSpringDataWebConfiguration' via constructor to bean named 'org.springframework.web.context.support.GenericWebApplicationContext@48c5a07d'
2026-05-01T21:07:32.591-04:00 DEBUG 32508 --- [tiendaprodmascotas] [           main] o.s.b.f.s.DefaultListableBeanFactory     : Creating shared instance of singleton bean 'hypermediaWebMvcConfigurer'
2026-05-01T21:07:32.591-04:00 DEBUG 32508 --- [tiendaprodmascotas] [           main] o.s.b.f.s.DefaultListableBeanFactory     : Creating shared instance of singleton bean 'org.springframework.hateoas.config.WebMvcHateoasConfiguration'
2026-05-01T21:07:32.593-04:00 DEBUG 32508 --- [tiendaprodmascotas] [           main] o.s.b.f.s.DefaultListableBeanFactory     : Creating shared instance of singleton bean 'hypermediaWebMvcConverters'
2026-05-01T21:07:32.593-04:00 DEBUG 32508 --- [tiendaprodmascotas] [           main] o.s.b.f.s.DefaultListableBeanFactory     : Creating shared instance of singleton bean 'org.springframework.hateoas.config.HateoasConfiguration'
2026-05-01T21:07:32.594-04:00 DEBUG 32508 --- [tiendaprodmascotas] [           main] o.s.b.f.s.DefaultListableBeanFactory     : Creating shared instance of singleton bean 'org.springframework.hateoas.mediatype.hal.HalMediaTypeConfiguration'
2026-05-01T21:07:32.595-04:00 DEBUG 32508 --- [tiendaprodmascotas] [           main] o.s.b.f.s.DefaultListableBeanFactory     : Creating shared instance of singleton bean '_relProvider'
2026-05-01T21:07:32.595-04:00 DEBUG 32508 --- [tiendaprodmascotas] [           main] o.s.b.f.s.DefaultListableBeanFactory     : Creating shared instance of singleton bean 'relProviderPluginRegistry'
2026-05-01T21:07:32.595-04:00 DEBUG 32508 --- [tiendaprodmascotas] [           main] o.s.b.f.s.DefaultListableBeanFactory     : Autowiring by type from bean name 'relProviderPluginRegistry' via factory method to bean named 'org.springframework.web.context.support.GenericWebApplicationContext@48c5a07d'
2026-05-01T21:07:32.599-04:00 DEBUG 32508 --- [tiendaprodmascotas] [           main] o.s.b.f.s.DefaultListableBeanFactory     : Autowiring by type from bean name '_relProvider' via factory method to bean named 'relProviderPluginRegistry'
2026-05-01T21:07:32.600-04:00 DEBUG 32508 --- [tiendaprodmascotas] [           main] o.s.b.f.s.DefaultListableBeanFactory     : Creating shared instance of singleton bean 'messageResolver'
2026-05-01T21:07:32.603-04:00 DEBUG 32508 --- [tiendaprodmascotas] [           main] o.s.b.f.s.DefaultListableBeanFactory     : Autowiring by type from bean name 'org.springframework.hateoas.mediatype.hal.HalMediaTypeConfiguration' via constructor to bean named '_relProvider'
2026-05-01T21:07:32.604-04:00 DEBUG 32508 --- [tiendaprodmascotas] [           main] o.s.b.f.s.DefaultListableBeanFactory     : Autowiring by type from bean name 'org.springframework.hateoas.mediatype.hal.HalMediaTypeConfiguration' via constructor to bean named 'messageResolver'
2026-05-01T21:07:32.604-04:00 DEBUG 32508 --- [tiendaprodmascotas] [           main] o.s.b.f.s.DefaultListableBeanFactory     : Autowiring by type from bean name 'org.springframework.hateoas.mediatype.hal.HalMediaTypeConfiguration' via constructor to bean named 'org.springframework.beans.factory.support.DefaultListableBeanFactory@5b7e2a88'
2026-05-01T21:07:32.605-04:00 DEBUG 32508 --- [tiendaprodmascotas] [           main] o.s.b.f.s.DefaultListableBeanFactory     : Autowiring by type from bean name 'hypermediaWebMvcConverters' via factory method to bean named 'org.springframework.hateoas.mediatype.hal.HalMediaTypeConfiguration'
2026-05-01T21:07:32.606-04:00 DEBUG 32508 --- [tiendaprodmascotas] [           main] o.s.b.f.s.DefaultListableBeanFactory     : Creating shared instance of singleton bean 'jacksonObjectMapper'
2026-05-01T21:07:32.606-04:00 DEBUG 32508 --- [tiendaprodmascotas] [           main] o.s.b.f.s.DefaultListableBeanFactory     : Creating shared instance of singleton bean 'org.springframework.boot.autoconfigure.jackson.JacksonAutoConfiguration$JacksonObjectMapperConfiguration'
2026-05-01T21:07:32.606-04:00 DEBUG 32508 --- [tiendaprodmascotas] [           main] o.s.b.f.s.DefaultListableBeanFactory     : Creating shared instance of singleton bean 'org.springframework.boot.autoconfigure.jackson.JacksonAutoConfiguration$JacksonObjectMapperBuilderConfiguration'
2026-05-01T21:07:32.607-04:00 DEBUG 32508 --- [tiendaprodmascotas] [           main] o.s.b.f.s.DefaultListableBeanFactory     : Creating shared instance of singleton bean 'standardJacksonObjectMapperBuilderCustomizer'
2026-05-01T21:07:32.607-04:00 DEBUG 32508 --- [tiendaprodmascotas] [           main] o.s.b.f.s.DefaultListableBeanFactory     : Creating shared instance of singleton bean 'org.springframework.boot.autoconfigure.jackson.JacksonAutoConfiguration$Jackson2ObjectMapperBuilderCustomizerConfiguration'
2026-05-01T21:07:32.607-04:00 DEBUG 32508 --- [tiendaprodmascotas] [           main] o.s.b.f.s.DefaultListableBeanFactory     : Creating shared instance of singleton bean 'spring.jackson-org.springframework.boot.autoconfigure.jackson.JacksonProperties'
2026-05-01T21:07:32.609-04:00 DEBUG 32508 --- [tiendaprodmascotas] [           main] o.s.b.f.s.DefaultListableBeanFactory     : Autowiring by type from bean name 'standardJacksonObjectMapperBuilderCustomizer' via factory method to bean named 'spring.jackson-org.springframework.boot.autoconfigure.jackson.JacksonProperties'
2026-05-01T21:07:32.609-04:00 DEBUG 32508 --- [tiendaprodmascotas] [           main] o.s.b.f.s.DefaultListableBeanFactory     : Creating shared instance of singleton bean 'parameterNamesModule'
2026-05-01T21:07:32.609-04:00 DEBUG 32508 --- [tiendaprodmascotas] [           main] o.s.b.f.s.DefaultListableBeanFactory     : Creating shared instance of singleton bean 'org.springframework.boot.autoconfigure.jackson.JacksonAutoConfiguration$ParameterNamesModuleConfiguration'
2026-05-01T21:07:32.612-04:00 DEBUG 32508 --- [tiendaprodmascotas] [           main] o.s.b.f.s.DefaultListableBeanFactory     : Creating shared instance of singleton bean 'jsonMixinModule'
2026-05-01T21:07:32.612-04:00 DEBUG 32508 --- [tiendaprodmascotas] [           main] o.s.b.f.s.DefaultListableBeanFactory     : Creating shared instance of singleton bean 'org.springframework.boot.autoconfigure.jackson.JacksonAutoConfiguration$JacksonMixinConfiguration'
2026-05-01T21:07:32.612-04:00 DEBUG 32508 --- [tiendaprodmascotas] [           main] o.s.b.f.s.DefaultListableBeanFactory     : Creating shared instance of singleton bean 'jsonMixinModuleEntries'
2026-05-01T21:07:32.612-04:00 DEBUG 32508 --- [tiendaprodmascotas] [           main] o.s.b.f.s.DefaultListableBeanFactory     : Autowiring by type from bean name 'jsonMixinModuleEntries' via factory method to bean named 'org.springframework.web.context.support.GenericWebApplicationContext@48c5a07d'
2026-05-01T21:07:32.616-04:00 DEBUG 32508 --- [tiendaprodmascotas] [           main] o.s.b.f.s.DefaultListableBeanFactory     : Autowiring by type from bean name 'jsonMixinModule' via factory method to bean named 'org.springframework.web.context.support.GenericWebApplicationContext@48c5a07d'
2026-05-01T21:07:32.616-04:00 DEBUG 32508 --- [tiendaprodmascotas] [           main] o.s.b.f.s.DefaultListableBeanFactory     : Autowiring by type from bean name 'jsonMixinModule' via factory method to bean named 'jsonMixinModuleEntries'
2026-05-01T21:07:32.616-04:00 DEBUG 32508 --- [tiendaprodmascotas] [           main] o.s.b.f.s.DefaultListableBeanFactory     : Creating shared instance of singleton bean 'jsonComponentModule'
2026-05-01T21:07:32.616-04:00 DEBUG 32508 --- [tiendaprodmascotas] [           main] o.s.b.f.s.DefaultListableBeanFactory     : Creating shared instance of singleton bean 'org.springframework.boot.autoconfigure.jackson.JacksonAutoConfiguration'
2026-05-01T21:07:32.619-04:00 DEBUG 32508 --- [tiendaprodmascotas] [           main] o.s.b.f.s.DefaultListableBeanFactory     : Creating shared instance of singleton bean 'jacksonGeoModule'
2026-05-01T21:07:32.619-04:00 DEBUG 32508 --- [tiendaprodmascotas] [           main] o.s.b.f.s.DefaultListableBeanFactory     : Creating shared instance of singleton bean 'org.springframework.data.web.config.SpringDataJacksonConfiguration'
2026-05-01T21:07:32.622-04:00 DEBUG 32508 --- [tiendaprodmascotas] [           main] o.s.b.f.s.DefaultListableBeanFactory     : Creating shared instance of singleton bean 'pageModule'
2026-05-01T21:07:32.623-04:00 DEBUG 32508 --- [tiendaprodmascotas] [           main] o.s.b.f.s.DefaultListableBeanFactory     : Autowiring by type from bean name 'jacksonObjectMapperBuilder' via factory method to bean named 'org.springframework.web.context.support.GenericWebApplicationContext@48c5a07d'
2026-05-01T21:07:32.623-04:00 DEBUG 32508 --- [tiendaprodmascotas] [           main] o.s.b.f.s.DefaultListableBeanFactory     : Autowiring by type from bean name 'jacksonObjectMapperBuilder' via factory method to bean named 'standardJacksonObjectMapperBuilderCustomizer'
2026-05-01T21:07:32.626-04:00 DEBUG 32508 --- [tiendaprodmascotas] [           main] o.s.b.f.s.DefaultListableBeanFactory     : Autowiring by type from bean name 'jacksonObjectMapper' via factory method to bean named 'jacksonObjectMapperBuilder'
2026-05-01T21:07:32.637-04:00 DEBUG 32508 --- [tiendaprodmascotas] [           main] o.s.b.f.s.DefaultListableBeanFactory     : Autowiring by type from bean name 'hypermediaWebMvcConfigurer' via factory method to bean named 'hypermediaWebMvcConverters'
2026-05-01T21:07:32.638-04:00 DEBUG 32508 --- [tiendaprodmascotas] [           main] o.s.b.f.s.DefaultListableBeanFactory     : Creating shared instance of singleton bean 'endpointObjectMapperWebMvcConfigurer'
2026-05-01T21:07:32.638-04:00 DEBUG 32508 --- [tiendaprodmascotas] [           main] o.s.b.f.s.DefaultListableBeanFactory     : Creating shared instance of singleton bean 'endpointObjectMapper'
2026-05-01T21:07:32.638-04:00 DEBUG 32508 --- [tiendaprodmascotas] [           main] o.s.b.f.s.DefaultListableBeanFactory     : Creating shared instance of singleton bean 'org.springframework.boot.actuate.autoconfigure.endpoint.jackson.JacksonEndpointAutoConfiguration'
2026-05-01T21:07:32.642-04:00 DEBUG 32508 --- [tiendaprodmascotas] [           main] o.s.b.f.s.DefaultListableBeanFactory     : Autowiring by type from bean name 'endpointObjectMapperWebMvcConfigurer' via factory method to bean named 'endpointObjectMapper'
2026-05-01T21:07:32.647-04:00 DEBUG 32508 --- [tiendaprodmascotas] [           main] o.s.b.f.s.DefaultListableBeanFactory     : Creating shared instance of singleton bean 'welcomePageHandlerMapping'
2026-05-01T21:07:32.648-04:00 DEBUG 32508 --- [tiendaprodmascotas] [           main] o.s.b.f.s.DefaultListableBeanFactory     : Creating shared instance of singleton bean 'mvcConversionService'
2026-05-01T21:07:32.653-04:00 DEBUG 32508 --- [tiendaprodmascotas] [           main] o.s.b.f.s.DefaultListableBeanFactory     : Creating shared instance of singleton bean 'mvcResourceUrlProvider'
2026-05-01T21:07:32.654-04:00 DEBUG 32508 --- [tiendaprodmascotas] [           main] o.s.b.f.s.DefaultListableBeanFactory     : Autowiring by type from bean name 'welcomePageHandlerMapping' via factory method to bean named 'org.springframework.web.context.support.GenericWebApplicationContext@48c5a07d'
2026-05-01T21:07:32.654-04:00 DEBUG 32508 --- [tiendaprodmascotas] [           main] o.s.b.f.s.DefaultListableBeanFactory     : Autowiring by type from bean name 'welcomePageHandlerMapping' via factory method to bean named 'mvcConversionService'
2026-05-01T21:07:32.654-04:00 DEBUG 32508 --- [tiendaprodmascotas] [           main] o.s.b.f.s.DefaultListableBeanFactory     : Autowiring by type from bean name 'welcomePageHandlerMapping' via factory method to bean named 'mvcResourceUrlProvider'
2026-05-01T21:07:32.659-04:00 DEBUG 32508 --- [tiendaprodmascotas] [           main] o.s.b.f.s.DefaultListableBeanFactory     : Creating shared instance of singleton bean 'welcomePageNotAcceptableHandlerMapping'
2026-05-01T21:07:32.660-04:00 DEBUG 32508 --- [tiendaprodmascotas] [           main] o.s.b.f.s.DefaultListableBeanFactory     : Autowiring by type from bean name 'welcomePageNotAcceptableHandlerMapping' via factory method to bean named 'org.springframework.web.context.support.GenericWebApplicationContext@48c5a07d'
2026-05-01T21:07:32.660-04:00 DEBUG 32508 --- [tiendaprodmascotas] [           main] o.s.b.f.s.DefaultListableBeanFactory     : Autowiring by type from bean name 'welcomePageNotAcceptableHandlerMapping' via factory method to bean named 'mvcConversionService'
2026-05-01T21:07:32.660-04:00 DEBUG 32508 --- [tiendaprodmascotas] [           main] o.s.b.f.s.DefaultListableBeanFactory     : Autowiring by type from bean name 'welcomePageNotAcceptableHandlerMapping' via factory method to bean named 'mvcResourceUrlProvider'
2026-05-01T21:07:32.663-04:00 DEBUG 32508 --- [tiendaprodmascotas] [           main] o.s.b.f.s.DefaultListableBeanFactory     : Creating shared instance of singleton bean 'localeResolver'
2026-05-01T21:07:32.665-04:00 DEBUG 32508 --- [tiendaprodmascotas] [           main] o.s.b.f.s.DefaultListableBeanFactory     : Creating shared instance of singleton bean 'themeResolver'
2026-05-01T21:07:32.666-04:00 DEBUG 32508 --- [tiendaprodmascotas] [           main] o.s.b.f.s.DefaultListableBeanFactory     : Creating shared instance of singleton bean 'flashMapManager'
2026-05-01T21:07:32.667-04:00 DEBUG 32508 --- [tiendaprodmascotas] [           main] o.s.b.f.s.DefaultListableBeanFactory     : Creating shared instance of singleton bean 'mvcValidator'
2026-05-01T21:07:32.668-04:00 DEBUG 32508 --- [tiendaprodmascotas] [           main] o.s.b.f.s.DefaultListableBeanFactory     : Creating shared instance of singleton bean 'mvcContentNegotiationManager'
2026-05-01T21:07:32.669-04:00 DEBUG 32508 --- [tiendaprodmascotas] [           main] o.s.b.f.s.DefaultListableBeanFactory     : Creating shared instance of singleton bean 'requestMappingHandlerMapping'
2026-05-01T21:07:32.669-04:00 DEBUG 32508 --- [tiendaprodmascotas] [           main] o.s.b.f.s.DefaultListableBeanFactory     : Autowiring by type from bean name 'requestMappingHandlerMapping' via factory method to bean named 'mvcContentNegotiationManager'
2026-05-01T21:07:32.669-04:00 DEBUG 32508 --- [tiendaprodmascotas] [           main] o.s.b.f.s.DefaultListableBeanFactory     : Autowiring by type from bean name 'requestMappingHandlerMapping' via factory method to bean named 'mvcConversionService'
2026-05-01T21:07:32.669-04:00 DEBUG 32508 --- [tiendaprodmascotas] [           main] o.s.b.f.s.DefaultListableBeanFactory     : Autowiring by type from bean name 'requestMappingHandlerMapping' via factory method to bean named 'mvcResourceUrlProvider'
2026-05-01T21:07:32.673-04:00 DEBUG 32508 --- [tiendaprodmascotas] [           main] s.w.s.m.m.a.RequestMappingHandlerMapping : 11 mappings in 'requestMappingHandlerMapping'
2026-05-01T21:07:32.677-04:00 DEBUG 32508 --- [tiendaprodmascotas] [           main] o.s.b.f.s.DefaultListableBeanFactory     : Creating shared instance of singleton bean 'mvcPatternParser'
2026-05-01T21:07:32.677-04:00 DEBUG 32508 --- [tiendaprodmascotas] [           main] o.s.b.f.s.DefaultListableBeanFactory     : Creating shared instance of singleton bean 'mvcUrlPathHelper'
2026-05-01T21:07:32.678-04:00 DEBUG 32508 --- [tiendaprodmascotas] [           main] o.s.b.f.s.DefaultListableBeanFactory     : Creating shared instance of singleton bean 'mvcPathMatcher'
2026-05-01T21:07:32.679-04:00 DEBUG 32508 --- [tiendaprodmascotas] [           main] o.s.b.f.s.DefaultListableBeanFactory     : Creating shared instance of singleton bean 'viewControllerHandlerMapping'
2026-05-01T21:07:32.679-04:00 DEBUG 32508 --- [tiendaprodmascotas] [           main] o.s.b.f.s.DefaultListableBeanFactory     : Autowiring by type from bean name 'viewControllerHandlerMapping' via factory method to bean named 'mvcConversionService'
2026-05-01T21:07:32.679-04:00 DEBUG 32508 --- [tiendaprodmascotas] [           main] o.s.b.f.s.DefaultListableBeanFactory     : Autowiring by type from bean name 'viewControllerHandlerMapping' via factory method to bean named 'mvcResourceUrlProvider'
2026-05-01T21:07:32.681-04:00 DEBUG 32508 --- [tiendaprodmascotas] [           main] o.s.b.f.s.DefaultListableBeanFactory     : Creating shared instance of singleton bean 'beanNameHandlerMapping'
2026-05-01T21:07:32.681-04:00 DEBUG 32508 --- [tiendaprodmascotas] [           main] o.s.b.f.s.DefaultListableBeanFactory     : Autowiring by type from bean name 'beanNameHandlerMapping' via factory method to bean named 'mvcConversionService'
2026-05-01T21:07:32.681-04:00 DEBUG 32508 --- [tiendaprodmascotas] [           main] o.s.b.f.s.DefaultListableBeanFactory     : Autowiring by type from bean name 'beanNameHandlerMapping' via factory method to bean named 'mvcResourceUrlProvider'
2026-05-01T21:07:32.682-04:00 DEBUG 32508 --- [tiendaprodmascotas] [           main] o.s.b.f.s.DefaultListableBeanFactory     : Creating shared instance of singleton bean 'routerFunctionMapping'
2026-05-01T21:07:32.683-04:00 DEBUG 32508 --- [tiendaprodmascotas] [           main] o.s.b.f.s.DefaultListableBeanFactory     : Autowiring by type from bean name 'routerFunctionMapping' via factory method to bean named 'mvcConversionService'
2026-05-01T21:07:32.683-04:00 DEBUG 32508 --- [tiendaprodmascotas] [           main] o.s.b.f.s.DefaultListableBeanFactory     : Autowiring by type from bean name 'routerFunctionMapping' via factory method to bean named 'mvcResourceUrlProvider'
2026-05-01T21:07:32.683-04:00 DEBUG 32508 --- [tiendaprodmascotas] [           main] o.s.b.f.s.DefaultListableBeanFactory     : Creating shared instance of singleton bean 'messageConverters'
2026-05-01T21:07:32.683-04:00 DEBUG 32508 --- [tiendaprodmascotas] [           main] o.s.b.f.s.DefaultListableBeanFactory     : Creating shared instance of singleton bean 'org.springframework.boot.autoconfigure.http.HttpMessageConvertersAutoConfiguration'
[...]

   RepositoryRestMvcAutoConfiguration:
      Did not match:
         - @ConditionalOnClass did not find required class 'org.springframework.data.rest.webmvc.config.RepositoryRestMvcConfiguration' (OnClassCondition)

   Saml2RelyingPartyAutoConfiguration:
      Did not match:
         - @ConditionalOnClass did not find required class 'org.springframework.security.saml2.provider.service.registration.RelyingPartyRegistrationRepository' (OnClassCondition)

   SbomEndpointAutoConfiguration:
      Did not match:
         - @ConditionalOnAvailableEndpoint no 'management.endpoints' property marked it as exposed (OnAvailableEndpointCondition)

   ScheduledTasksEndpointAutoConfiguration:
      Did not match:
         - @ConditionalOnAvailableEndpoint no 'management.endpoints' property marked it as exposed (OnAvailableEndpointCondition)

   SecurityAutoConfiguration:
      Did not match:
         - @ConditionalOnClass did not find required class 'org.springframework.security.authentication.DefaultAuthenticationEventPublisher' (OnClassCondition)

   SecurityFilterAutoConfiguration:
      Did not match:
         - @ConditionalOnClass did not find required class 'org.springframework.security.config.http.SessionCreationPolicy' (OnClassCondition)

   SecurityRequestMatchersManagementContextConfiguration:
      Did not match:
         - @ConditionalOnClass did not find required class 'org.springframework.security.web.util.matcher.RequestMatcher' (OnClassCondition)

   SendGridAutoConfiguration:
      Did not match:
         - @ConditionalOnClass did not find required class 'com.sendgrid.SendGrid' (OnClassCondition)

   ServletEndpointManagementContextConfiguration.JerseyServletEndpointManagementContextConfiguration:
      Did not match:
         - @ConditionalOnClass did not find required class 'org.glassfish.jersey.server.ResourceConfig' (OnClassCondition)

   ServletManagementContextAutoConfiguration.ApplicationContextFilterConfiguration:
      Did not match:
         - @ConditionalOnProperty (management.server.add-application-context-header=true) did not find property 'add-application-context-header' (OnPropertyCondition)

   ServletWebServerFactoryAutoConfiguration.ForwardedHeaderFilterConfiguration:
      Did not match:
         - @ConditionalOnProperty (server.forward-headers-strategy=framework) did not find property 'server.forward-headers-strategy' (OnPropertyCondition)

   ServletWebServerFactoryConfiguration.EmbeddedJetty:
      Did not match:
         - @ConditionalOnClass did not find required classes 'org.eclipse.jetty.server.Server', 'org.eclipse.jetty.util.Loader', 'org.eclipse.jetty.ee10.webapp.WebAppContext' (OnClassCondition)

   ServletWebServerFactoryConfiguration.EmbeddedUndertow:
      Did not match:
         - @ConditionalOnClass did not find required classes 'io.undertow.Undertow', 'org.xnio.SslClientAuthMode' (OnClassCondition)

   SessionAutoConfiguration:
      Did not match:
         - @ConditionalOnClass did not find required class 'org.springframework.session.Session' (OnClassCondition)

   SessionsEndpointAutoConfiguration:
      Did not match:
         - @ConditionalOnClass did not find required class 'org.springframework.session.Session' (OnClassCondition)

   ShutdownEndpointAutoConfiguration:
      Did not match:
         - @ConditionalOnAvailableEndpoint no property management.endpoint.shutdown.enabled found so using endpoint default of false (OnAvailableEndpointCondition)

   SignalFxMetricsExportAutoConfiguration:
      Did not match:
         - @ConditionalOnClass did not find required class 'io.micrometer.signalfx.SignalFxMeterRegistry' (OnClassCondition)

   SpringApplicationAdminJmxAutoConfiguration:
      Did not match:
         - @ConditionalOnProperty (spring.application.admin.enabled=true) did not find property 'enabled' (OnPropertyCondition)

   StackdriverMetricsExportAutoConfiguration:
      Did not match:
         - @ConditionalOnClass did not find required class 'io.micrometer.stackdriver.StackdriverMeterRegistry' (OnClassCondition)

   StartupEndpointAutoConfiguration:
      Did not match:
         - ApplicationStartup configured applicationStartup is of type class org.springframework.core.metrics.DefaultApplicationStartup, expected BufferingApplicationStartup. (StartupEndpointAutoConfiguration.ApplicationStartupCondition)

   StatsdMetricsExportAutoConfiguration:
      Did not match:
         - @ConditionalOnClass did not find required class 'io.micrometer.statsd.StatsdMeterRegistry' (OnClassCondition)

   TaskExecutorConfigurations.SimpleAsyncTaskExecutorBuilderConfiguration#simpleAsyncTaskExecutorBuilderVirtualThreads:
      Did not match:
         - @ConditionalOnMissingBean (types: org.springframework.boot.task.SimpleAsyncTaskExecutorBuilder; SearchStrategy: all) found beans of type 'org.springframework.boot.task.SimpleAsyncTaskExecutorBuilder' simpleAsyncTaskExecutorBuilder (OnBeanCondition)

   TaskExecutorConfigurations.TaskExecutorConfiguration#applicationTaskExecutorVirtualThreads:
      Did not match:
         - @ConditionalOnThreading did not find VIRTUAL (OnThreadingCondition)

   TaskSchedulingAutoConfiguration#scheduledBeanLazyInitializationExcludeFilter:
      Did not match:
         - @ConditionalOnBean (names: org.springframework.context.annotation.internalScheduledAnnotationProcessor; SearchStrategy: all) did not find any beans named org.springframework.context.annotation.internalScheduledAnnotationProcessor (OnBeanCondition)

   TaskSchedulingConfigurations.SimpleAsyncTaskSchedulerBuilderConfiguration#simpleAsyncTaskSchedulerBuilderVirtualThreads:
      Did not match:
         - @ConditionalOnMissingBean (types: org.springframework.boot.task.SimpleAsyncTaskSchedulerBuilder; SearchStrategy: all) found beans of type 'org.springframework.boot.task.SimpleAsyncTaskSchedulerBuilder' simpleAsyncTaskSchedulerBuilder (OnBeanCondition)

   TaskSchedulingConfigurations.TaskSchedulerConfiguration:
      Did not match:
         - @ConditionalOnBean (names: org.springframework.context.annotation.internalScheduledAnnotationProcessor; SearchStrategy: all) did not find any beans named org.springframework.context.annotation.internalScheduledAnnotationProcessor (OnBeanCondition)

   ThreadDumpEndpointAutoConfiguration:
      Did not match:
         - @ConditionalOnAvailableEndpoint no 'management.endpoints' property marked it as exposed (OnAvailableEndpointCondition)

   ThymeleafAutoConfiguration:
      Did not match:
         - @ConditionalOnClass did not find required class 'org.thymeleaf.spring6.SpringTemplateEngine' (OnClassCondition)

   TransactionAutoConfiguration#transactionalOperator:
      Did not match:
         - @ConditionalOnSingleCandidate (types: org.springframework.transaction.ReactiveTransactionManager; SearchStrategy: all) did not find any beans (OnBeanCondition)

   TransactionAutoConfiguration.AspectJTransactionManagementConfiguration:
      Did not match:
         - @ConditionalOnBean (types: org.springframework.transaction.aspectj.AbstractTransactionAspect; SearchStrategy: all) did not find any beans of type org.springframework.transaction.aspectj.AbstractTransactionAspect (OnBeanCondition)

   TransactionAutoConfiguration.EnableTransactionManagementConfiguration.JdkDynamicAutoProxyConfiguration:
      Did not match:
         - @ConditionalOnProperty (spring.aop.proxy-target-class=false) did not find property 'proxy-target-class' (OnPropertyCondition)

   UserDetailsServiceAutoConfiguration:
      Did not match:
         - @ConditionalOnClass did not find required class 'org.springframework.security.authentication.AuthenticationManager' (OnClassCondition)

   ValidationAutoConfiguration:
      Did not match:
         - @ConditionalOnClass did not find required class 'jakarta.validation.executable.ExecutableValidator' (OnClassCondition)

   WavefrontAutoConfiguration:
      Did not match:
         - @ConditionalOnClass did not find required class 'com.wavefront.sdk.common.application.ApplicationTags' (OnClassCondition)

   WavefrontMetricsExportAutoConfiguration:
      Did not match:
         - @ConditionalOnClass did not find required class 'com.wavefront.sdk.common.WavefrontSender' (OnClassCondition)

   WavefrontTracingAutoConfiguration:
      Did not match:
         - @ConditionalOnClass did not find required class 'com.wavefront.sdk.common.WavefrontSender' (OnClassCondition)

   WebClientAutoConfiguration:
      Did not match:
         - @ConditionalOnClass did not find required class 'org.springframework.web.reactive.function.client.WebClient' (OnClassCondition)

   WebClientObservationConfiguration:
      Did not match:
         - @ConditionalOnClass did not find required class 'org.springframework.web.reactive.function.client.WebClient' (OnClassCondition)

   WebFluxAutoConfiguration:
      Did not match:
         - @ConditionalOnClass did not find required class 'org.springframework.web.reactive.config.WebFluxConfigurer' (OnClassCondition)

   WebFluxEndpointManagementContextConfiguration:
      Did not match:
         - @ConditionalOnClass did not find required class 'org.springframework.web.reactive.DispatcherHandler' (OnClassCondition)

   WebFluxObservationAutoConfiguration:
      Did not match:
         - @ConditionalOnWebApplication did not find reactive web application classes (OnWebApplicationCondition)

   WebMvcAutoConfiguration#hiddenHttpMethodFilter:
      Did not match:
         - @ConditionalOnProperty (spring.mvc.hiddenmethod.filter.enabled) did not find property 'enabled' (OnPropertyCondition)

   WebMvcAutoConfiguration.ProblemDetailsErrorHandlingConfiguration:
      Did not match:
         - @ConditionalOnProperty (spring.mvc.problemdetails.enabled=true) did not find property 'enabled' (OnPropertyCondition)

   WebMvcAutoConfiguration.ResourceChainCustomizerConfiguration:
      Did not match:
         - @ConditionalOnEnabledResourceChain did not find class org.webjars.WebJarAssetLocator (OnEnabledResourceChainCondition)

   WebMvcAutoConfiguration.WebMvcAutoConfigurationAdapter#beanNameViewResolver:
      Did not match:
         - @ConditionalOnMissingBean (types: org.springframework.web.servlet.view.BeanNameViewResolver; SearchStrategy: all) found beans of type 'org.springframework.web.servlet.view.BeanNameViewResolver' beanNameViewResolver (OnBeanCondition)

   WebMvcEndpointManagementContextConfiguration#managementHealthEndpointWebMvcHandlerMapping:
      Did not match:
         - Management Port actual port type (SAME) did not match required type (DIFFERENT) (OnManagementPortCondition)

   WebServiceTemplateAutoConfiguration:
      Did not match:
         - @ConditionalOnClass did not find required class 'org.springframework.oxm.Marshaller' (OnClassCondition)

   WebServicesAutoConfiguration:
      Did not match:
         - @ConditionalOnClass did not find required class 'org.springframework.ws.transport.http.MessageDispatcherServlet' (OnClassCondition)

   WebSessionIdResolverAutoConfiguration:
      Did not match:
         - @ConditionalOnClass did not find required class 'reactor.core.publisher.Mono' (OnClassCondition)

   WebSocketMessagingAutoConfiguration:
      Did not match:
         - @ConditionalOnClass did not find required class 'org.springframework.web.socket.config.annotation.WebSocketMessageBrokerConfigurer' (OnClassCondition)

   WebSocketReactiveAutoConfiguration:
      Did not match:
         - @ConditionalOnWebApplication did not find reactive web application classes (OnWebApplicationCondition)

   WebSocketServletAutoConfiguration.JettyWebSocketConfiguration:
      Did not match:
         - @ConditionalOnClass did not find required class 'org.eclipse.jetty.ee10.websocket.jakarta.server.config.JakartaWebSocketServletContainerInitializer' (OnClassCondition)

   WebSocketServletAutoConfiguration.UndertowWebSocketConfiguration:
      Did not match:
         - @ConditionalOnClass did not find required class 'io.undertow.websockets.jsr.Bootstrap' (OnClassCondition)

   XADataSourceAutoConfiguration:
      Did not match:
         - @ConditionalOnBean (types: org.springframework.boot.jdbc.XADataSourceWrapper; SearchStrategy: all) did not find any beans of type org.springframework.boot.jdbc.XADataSourceWrapper (OnBeanCondition)
      Matched:
         - @ConditionalOnClass found required classes 'javax.sql.DataSource', 'jakarta.transaction.TransactionManager', 'org.springframework.jdbc.datasource.embedded.EmbeddedDatabaseType' (OnClassCondition)

   ZipkinAutoConfiguration:
      Did not match:
         - @ConditionalOnClass did not find required class 'zipkin2.reporter.Encoding' (OnClassCondition)


Exclusions:
-----------

    None


Unconditional classes:
----------------------

    org.springframework.boot.autoconfigure.context.ConfigurationPropertiesAutoConfiguration

    org.springframework.boot.actuate.autoconfigure.availability.AvailabilityHealthContributorAutoConfiguration

    org.springframework.boot.autoconfigure.ssl.SslAutoConfiguration

    org.springframework.boot.actuate.autoconfigure.info.InfoContributorAutoConfiguration

    org.springframework.boot.autoconfigure.context.PropertyPlaceholderAutoConfiguration

    org.springframework.boot.autoconfigure.context.LifecycleAutoConfiguration

    org.springframework.boot.actuate.autoconfigure.metrics.integration.IntegrationMetricsAutoConfiguration

    org.springframework.boot.actuate.autoconfigure.endpoint.EndpointAutoConfiguration

    org.springframework.boot.actuate.autoconfigure.web.server.ManagementContextAutoConfiguration

    org.springframework.boot.actuate.autoconfigure.health.HealthContributorAutoConfiguration

    org.springframework.boot.actuate.autoconfigure.endpoint.jackson.JacksonEndpointAutoConfiguration

    org.springframework.boot.autoconfigure.availability.ApplicationAvailabilityAutoConfiguration

    org.springframework.boot.autoconfigure.info.ProjectInfoAutoConfiguration



2026-05-01T21:07:33.416-04:00  INFO 32508 --- [tiendaprodmascotas] [           main] c.d.t.TiendaprodmascotasApplicationTests : Started TiendaprodmascotasApplicationTests in 1.907 seconds (process running for 8.132)
2026-05-01T21:07:33.427-04:00 DEBUG 32508 --- [tiendaprodmascotas] [           main] o.s.b.a.ApplicationAvailabilityBean      : Application availability state LivenessState changed to CORRECT
2026-05-01T21:07:33.428-04:00 DEBUG 32508 --- [tiendaprodmascotas] [           main] o.s.b.a.ApplicationAvailabilityBean      : Application availability state ReadinessState changed to ACCEPTING_TRAFFIC
2026-05-01T21:07:33.428-04:00 DEBUG 32508 --- [tiendaprodmascotas] [           main] org.springframework.test.context.cache   : Spring test ApplicationContext cache statistics: [DefaultContextCache@6aad919c size = 3, maxSize = 32, parentContextCount = 0, hitCount = 24, missCount = 3, failureCount = 0]
2026-05-01T21:07:33.428-04:00 DEBUG 32508 --- [tiendaprodmascotas] [           main] o.s.t.c.w.ServletTestExecutionListener   : Setting up MockHttpServletRequest, MockHttpServletResponse, ServletWebRequest, and RequestContextHolder for test class com.duoc.tiendaprodmascotas.TiendaprodmascotasApplicationTests
2026-05-01T21:07:33.429-04:00 DEBUG 32508 --- [tiendaprodmascotas] [           main] DependencyInjectionTestExecutionListener : Performing dependency injection for test class com.duoc.tiendaprodmascotas.TiendaprodmascotasApplicationTests
2026-05-01T21:07:33.429-04:00 DEBUG 32508 --- [tiendaprodmascotas] [           main] org.springframework.test.context.cache   : Spring test ApplicationContext cache statistics: [DefaultContextCache@6aad919c size = 3, maxSize = 32, parentContextCount = 0, hitCount = 25, missCount = 3, failureCount = 0]
2026-05-01T21:07:33.429-04:00 DEBUG 32508 --- [tiendaprodmascotas] [           main] org.springframework.test.context.cache   : Spring test ApplicationContext cache statistics: [DefaultContextCache@6aad919c size = 3, maxSize = 32, parentContextCount = 0, hitCount = 26, missCount = 3, failureCount = 0]
2026-05-01T21:07:33.430-04:00 DEBUG 32508 --- [tiendaprodmascotas] [           main] sContextBeforeModesTestExecutionListener : Before test method: class [TiendaprodmascotasApplicationTests], method [contextLoads], class annotated with @DirtiesContext [false] with mode [null], method annotated with @DirtiesContext [false] with mode [null]
2026-05-01T21:07:33.431-04:00 DEBUG 32508 --- [tiendaprodmascotas] [           main] org.springframework.test.context.cache   : Spring test ApplicationContext cache statistics: [DefaultContextCache@6aad919c size = 3, maxSize = 32, parentContextCount = 0, hitCount = 27, missCount = 3, failureCount = 0]
2026-05-01T21:07:33.431-04:00 DEBUG 32508 --- [tiendaprodmascotas] [           main] org.springframework.test.context.cache   : Spring test ApplicationContext cache statistics: [DefaultContextCache@6aad919c size = 3, maxSize = 32, parentContextCount = 0, hitCount = 28, missCount = 3, failureCount = 0]
2026-05-01T21:07:33.433-04:00 DEBUG 32508 --- [tiendaprodmascotas] [           main] org.springframework.test.context.cache   : Spring test ApplicationContext cache statistics: [DefaultContextCache@6aad919c size = 3, maxSize = 32, parentContextCount = 0, hitCount = 29, missCount = 3, failureCount = 0]
2026-05-01T21:07:33.433-04:00 DEBUG 32508 --- [tiendaprodmascotas] [           main] org.springframework.test.context.cache   : Spring test ApplicationContext cache statistics: [DefaultContextCache@6aad919c size = 3, maxSize = 32, parentContextCount = 0, hitCount = 30, missCount = 3, failureCount = 0]
2026-05-01T21:07:33.433-04:00 DEBUG 32508 --- [tiendaprodmascotas] [           main] org.springframework.test.context.cache   : Spring test ApplicationContext cache statistics: [DefaultContextCache@6aad919c size = 3, maxSize = 32, parentContextCount = 0, hitCount = 31, missCount = 3, failureCount = 0]
2026-05-01T21:07:33.433-04:00 DEBUG 32508 --- [tiendaprodmascotas] [           main] org.springframework.test.context.cache   : Spring test ApplicationContext cache statistics: [DefaultContextCache@6aad919c size = 3, maxSize = 32, parentContextCount = 0, hitCount = 32, missCount = 3, failureCount = 0]
2026-05-01T21:07:33.433-04:00 DEBUG 32508 --- [tiendaprodmascotas] [           main] org.springframework.test.context.cache   : Spring test ApplicationContext cache statistics: [DefaultContextCache@6aad919c size = 3, maxSize = 32, parentContextCount = 0, hitCount = 33, missCount = 3, failureCount = 0]
2026-05-01T21:07:33.435-04:00 DEBUG 32508 --- [tiendaprodmascotas] [           main] org.springframework.test.context.cache   : Spring test ApplicationContext cache statistics: [DefaultContextCache@6aad919c size = 3, maxSize = 32, parentContextCount = 0, hitCount = 34, missCount = 3, failureCount = 0]
2026-05-01T21:07:33.435-04:00 DEBUG 32508 --- [tiendaprodmascotas] [           main] org.springframework.test.context.cache   : Spring test ApplicationContext cache statistics: [DefaultContextCache@6aad919c size = 3, maxSize = 32, parentContextCount = 0, hitCount = 35, missCount = 3, failureCount = 0]
2026-05-01T21:07:33.435-04:00 DEBUG 32508 --- [tiendaprodmascotas] [           main] .c.s.DirtiesContextTestExecutionListener : After test method: class [TiendaprodmascotasApplicationTests], method [contextLoads], class annotated with @DirtiesContext [false] with mode [null], method annotated with @DirtiesContext [false] with mode [null]
2026-05-01T21:07:33.436-04:00 DEBUG 32508 --- [tiendaprodmascotas] [           main] o.s.t.c.w.ServletTestExecutionListener   : Resetting RequestContextHolder for test class com.duoc.tiendaprodmascotas.TiendaprodmascotasApplicationTests
]]></system-out>
  </testcase>
</testsuite>